Using pre-set license
Built from '2020.3/staging' branch; Version is '2020.3.5f1 (8095aa901b9b) revision 8426922'; Using compiler version '192528614'; Build Type 'Release'
OS: 'Windows 10 Pro; OS build 19041.746; Version 2004; 64bit' Language: 'en' Physical Memory: 16301 MB
BatchMode: 1, IsHumanControllingUs: 0, StartBugReporterOnCrash: 0, Is64bit: 1, IsPro: 0

 COMMAND LINE ARGUMENTS:
C:\Program Files\Unity\Hub\Editor\2020.3.17f1\Editor\Unity.exe
-adb2
-batchMode
-noUpm
-name
AssetImportWorker0
-projectPath
C:/Users/baik2/Desktop/AIE Year 2/URPProject/UniversalRenderProject
-logFile
Logs/AssetImportWorker0.log
-srvPort
57200
Successfully changed project path to: C:/Users/baik2/Desktop/AIE Year 2/URPProject/UniversalRenderProject
C:/Users/baik2/Desktop/AIE Year 2/URPProject/UniversalRenderProject
Using Asset Import Pipeline V2.
Refreshing native plugins compatible for Editor in 59.22 ms, found 0 plugins.
Preloading 0 native plugins for Editor in 0.00 ms.
Initialize engine version: 2020.3.5f1 (8095aa901b9b)
[Subsystems] Discovering subsystems at path C:/Program Files/Unity/Hub/Editor/2020.3.17f1/Editor/Data/Resources/UnitySubsystems
[Subsystems] Discovering subsystems at path C:/Users/baik2/Desktop/AIE Year 2/URPProject/UniversalRenderProject/Assets
GfxDevice: creating device client; threaded=0
Direct3D:
    Version:  Direct3D 11.0 [level 11.1]
    Renderer: NVIDIA GeForce RTX 2070 (ID=0x1f02)
    Vendor:   
    VRAM:     8031 MB
    Driver:   30.0.14.7196
Shader 'WFX/Transparent Specular': fallback shader 'Particles/Alpha Blended' not found
Shader 'Universal Render Pipeline/Particles/Lit': fallback shader 'Universal Render Pipeline/Particles/SimpleLit' not found
Shader 'WFX/Transparent Diffuse': fallback shader 'Particles/Alpha Blended' not found
Initialize mono
Mono path[0] = 'C:/Program Files/Unity/Hub/Editor/2020.3.17f1/Editor/Data/Managed'
Mono path[1] = 'C:/Program Files/Unity/Hub/Editor/2020.3.17f1/Editor/Data/MonoBleedingEdge/lib/mono/unityjit'
Mono config path = 'C:/Program Files/Unity/Hub/Editor/2020.3.17f1/Editor/Data/MonoBleedingEdge/etc'
Using monoOptions --debugger-agent=transport=dt_socket,embedding=1,server=y,suspend=n,address=127.0.0.1:56544
Begin MonoManager ReloadAssembly
Registering precompiled unity dll's ...
Register platform support module: C:/Program Files/Unity/Hub/Editor/2020.3.17f1/Editor/Data/PlaybackEngines/WindowsStandaloneSupport/UnityEditor.WindowsStandalone.Extensions.dll
Registered in 0.001988 seconds.
Native extension for WindowsStandalone target not found
Refreshing native plugins compatible for Editor in 59.47 ms, found 0 plugins.
Preloading 0 native plugins for Editor in 0.00 ms.
Mono: successfully reloaded assembly
- Completed reload, in  1.134 seconds
Platform modules already initialized, skipping
Registering precompiled user dll's ...
Registered in 0.001839 seconds.
Begin MonoManager ReloadAssembly
Native extension for WindowsStandalone target not found
Refreshing native plugins compatible for Editor in 63.19 ms, found 0 plugins.
Preloading 0 native plugins for Editor in 0.00 ms.
Mono: successfully reloaded assembly
- Completed reload, in  1.790 seconds
Platform modules already initialized, skipping
========================================================================
Worker process is ready to serve import requests
Shader 'WFX/Transparent Diffuse': fallback shader 'Particles/Alpha Blended' not found
Shader 'Universal Render Pipeline/Particles/Lit': fallback shader 'Universal Render Pipeline/Particles/SimpleLit' not found
Shader 'WFX/Transparent Specular': fallback shader 'Particles/Alpha Blended' not found
Launched and connected shader compiler UnityShaderCompiler.exe after 0.05 seconds
Refreshing native plugins compatible for Editor in 0.63 ms, found 0 plugins.
Preloading 0 native plugins for Editor in 0.00 ms.
Unloading 3142 Unused Serialized files (Serialized files now loaded: 0)
System memory in use before: 147.6 MB.
System memory in use after: 147.8 MB.

Unloading 14 unused Assets to reduce memory usage. Loaded Objects now: 3589.
Total: 2.707300 ms (FindLiveObjects: 0.278300 ms CreateObjectMapping: 0.182800 ms MarkObjects: 2.179400 ms  DeleteObjects: 0.065900 ms)

========================================================================
Received Import Request.
  path: Assets/Animation/Animator/PlayerTPS.controller
  artifactKey: Guid(084dfd5e3dd58174ba0075cd394b5b04) Importer(815301076,1909f56bfc062723c751e8b465ee728b)
Start importing Assets/Animation/Animator/PlayerTPS.controller using Guid(084dfd5e3dd58174ba0075cd394b5b04) Importer(815301076,1909f56bfc062723c751e8b465ee728b)  -> (artifact id: 'fa2d96245f608ad0532b2caea14fde62') in 0.040511 seconds
  Import took 0.047208 seconds .

========================================================================
Received Prepare
Registering precompiled user dll's ...
Registered in 0.001925 seconds.
Begin MonoManager ReloadAssembly
Native extension for WindowsStandalone target not found
Refreshing native plugins compatible for Editor in 0.69 ms, found 0 plugins.
Preloading 0 native plugins for Editor in 0.00 ms.
Mono: successfully reloaded assembly
- Completed reload, in  1.424 seconds
Platform modules already initialized, skipping
Shader 'WFX/Transparent Diffuse': fallback shader 'Particles/Alpha Blended' not found
Shader 'Universal Render Pipeline/Particles/Lit': fallback shader 'Universal Render Pipeline/Particles/SimpleLit' not found
Shader 'WFX/Transparent Specular': fallback shader 'Particles/Alpha Blended' not found
Refreshing native plugins compatible for Editor in 0.56 ms, found 0 plugins.
Preloading 0 native plugins for Editor in 0.00 ms.
Unloading 3001 Unused Serialized files (Serialized files now loaded: 0)
System memory in use before: 137.7 MB.
System memory in use after: 137.9 MB.

Unloading 7 unused Assets to reduce memory usage. Loaded Objects now: 3592.
Total: 4.345400 ms (FindLiveObjects: 0.420500 ms CreateObjectMapping: 0.234900 ms MarkObjects: 3.666000 ms  DeleteObjects: 0.022100 ms)

========================================================================
Received Import Request.
  Time since last request: 29.791203 seconds.
  path: Assets/Animation/Aim/xbot@Firing Rifle.fbx
  artifactKey: Guid(e3e051b7f4c5509408fbb193ac0f7f01) Importer(815301076,1909f56bfc062723c751e8b465ee728b)
Start importing Assets/Animation/Aim/xbot@Firing Rifle.fbx using Guid(e3e051b7f4c5509408fbb193ac0f7f01) Importer(815301076,1909f56bfc062723c751e8b465ee728b)  -> (artifact id: '42dffb9a05894f3814c148c269d3420c') in 0.416081 seconds
  Import took 0.422828 seconds .

========================================================================
Received Import Request.
  Time since last request: 0.000225 seconds.
  path: Assets/Animation/Aim/xbot@Rifle Aiming Idle.fbx
  artifactKey: Guid(d8bdb0c2f6eebb44a9df3db58cd044d6) Importer(815301076,1909f56bfc062723c751e8b465ee728b)
Start importing Assets/Animation/Aim/xbot@Rifle Aiming Idle.fbx using Guid(d8bdb0c2f6eebb44a9df3db58cd044d6) Importer(815301076,1909f56bfc062723c751e8b465ee728b)  -> (artifact id: 'ee322eec62f970da61c61fd4ef42e94d') in 0.041398 seconds
  Import took 0.047907 seconds .

========================================================================
Received Import Request.
  Time since last request: 0.000182 seconds.
  path: Assets/Animation/Aim/xbot@Walk Right.fbx
  artifactKey: Guid(68242c0599b406345a3b4ab0593a585d) Importer(815301076,1909f56bfc062723c751e8b465ee728b)
Start importing Assets/Animation/Aim/xbot@Walk Right.fbx using Guid(68242c0599b406345a3b4ab0593a585d) Importer(815301076,1909f56bfc062723c751e8b465ee728b)  -> (artifact id: '616472b5793de044ade92a4ff41aa24c') in 0.043431 seconds
  Import took 0.050000 seconds .

========================================================================
Received Import Request.
  Time since last request: 0.000173 seconds.
  path: Assets/Animation/Aim/xbot@Walk Left.fbx
  artifactKey: Guid(5cb158c0cc7542941ae4478be702ad11) Importer(815301076,1909f56bfc062723c751e8b465ee728b)
Start importing Assets/Animation/Aim/xbot@Walk Left.fbx using Guid(5cb158c0cc7542941ae4478be702ad11) Importer(815301076,1909f56bfc062723c751e8b465ee728b)  -> (artifact id: '8831b4ba273bee21c36ba9e5a32c0a36') in 0.048905 seconds
  Import took 0.055995 seconds .

========================================================================
Received Import Request.
  Time since last request: 0.000178 seconds.
  path: Assets/Animation/Aim/xbot@Walk Backward Right.fbx
  artifactKey: Guid(fc99de1d55810fc40b48f927169772d7) Importer(815301076,1909f56bfc062723c751e8b465ee728b)
Start importing Assets/Animation/Aim/xbot@Walk Backward Right.fbx using Guid(fc99de1d55810fc40b48f927169772d7) Importer(815301076,1909f56bfc062723c751e8b465ee728b)  -> (artifact id: '9c2e58c75aa136a9c1c4fe612f55299a') in 0.042936 seconds
  Import took 0.049203 seconds .

========================================================================
Received Import Request.
  Time since last request: 0.000169 seconds.
  path: Assets/Animation/Aim/xbot@Walk Backward Left.fbx
  artifactKey: Guid(a0f6a2ac445e5074e82a2bb43917591d) Importer(815301076,1909f56bfc062723c751e8b465ee728b)
Start importing Assets/Animation/Aim/xbot@Walk Backward Left.fbx using Guid(a0f6a2ac445e5074e82a2bb43917591d) Importer(815301076,1909f56bfc062723c751e8b465ee728b)  -> (artifact id: 'da1183bdf418ba294fdf8f95f245bb19') in 0.043045 seconds
  Import took 0.049275 seconds .

========================================================================
Received Import Request.
  Time since last request: 0.000178 seconds.
  path: Assets/Animation/Aim/xbot@Walk Backward.fbx
  artifactKey: Guid(9144a16ada397a841ac12cf01788a910) Importer(815301076,1909f56bfc062723c751e8b465ee728b)
Start importing Assets/Animation/Aim/xbot@Walk Backward.fbx using Guid(9144a16ada397a841ac12cf01788a910) Importer(815301076,1909f56bfc062723c751e8b465ee728b)  -> (artifact id: '2535d2b65891279403d72d4c0e574f23') in 0.044227 seconds
  Import took 0.050391 seconds .

========================================================================
Received Import Request.
  Time since last request: 0.000168 seconds.
  path: Assets/Animation/Aim/xbot@Walk Forward Left.fbx
  artifactKey: Guid(860a83eb1333cea489cef5e1af54d0d3) Importer(815301076,1909f56bfc062723c751e8b465ee728b)
Start importing Assets/Animation/Aim/xbot@Walk Forward Left.fbx using Guid(860a83eb1333cea489cef5e1af54d0d3) Importer(815301076,1909f56bfc062723c751e8b465ee728b)  -> (artifact id: 'ed16aab8d7fdbafbd6c08e0bff4b19c3') in 0.042722 seconds
  Import took 0.048521 seconds .

========================================================================
Received Import Request.
  Time since last request: 0.000198 seconds.
  path: Assets/Animation/Aim/xbot@Walk Forward Right.fbx
  artifactKey: Guid(5f6590289ba55be4fa5b259c1cb52745) Importer(815301076,1909f56bfc062723c751e8b465ee728b)
Start importing Assets/Animation/Aim/xbot@Walk Forward Right.fbx using Guid(5f6590289ba55be4fa5b259c1cb52745) Importer(815301076,1909f56bfc062723c751e8b465ee728b)  -> (artifact id: '840887cdb31dfce496015e230f3f76de') in 0.055621 seconds
  Import took 0.061655 seconds .

========================================================================
Received Import Request.
  Time since last request: 0.000177 seconds.
  path: Assets/Animation/Aim/xbot@Walk Forward Left.fbx
  artifactKey: Guid(860a83eb1333cea489cef5e1af54d0d3) Importer(815301076,1909f56bfc062723c751e8b465ee728b)
Start importing Assets/Animation/Aim/xbot@Walk Forward Left.fbx using Guid(860a83eb1333cea489cef5e1af54d0d3) Importer(815301076,1909f56bfc062723c751e8b465ee728b)  -> (artifact id: 'ed16aab8d7fdbafbd6c08e0bff4b19c3') in 0.038208 seconds
  Import took 0.043734 seconds .

========================================================================
Received Import Request.
  Time since last request: 0.000197 seconds.
  path: Assets/Animation/Aim/xbot@Walk Forward.fbx
  artifactKey: Guid(96dc5b097335b524b86591ba8b41fa14) Importer(815301076,1909f56bfc062723c751e8b465ee728b)
Start importing Assets/Animation/Aim/xbot@Walk Forward.fbx using Guid(96dc5b097335b524b86591ba8b41fa14) Importer(815301076,1909f56bfc062723c751e8b465ee728b)  -> (artifact id: '4d10bbcab513d637151bed0746374119') in 0.043740 seconds
  Import took 0.051216 seconds .

========================================================================
Received Prepare
Registering precompiled user dll's ...
Registered in 0.001762 seconds.
Begin MonoManager ReloadAssembly
Native extension for WindowsStandalone target not found
Refreshing native plugins compatible for Editor in 0.53 ms, found 0 plugins.
Preloading 0 native plugins for Editor in 0.00 ms.
Mono: successfully reloaded assembly
- Completed reload, in  1.178 seconds
Platform modules already initialized, skipping
Shader 'WFX/Transparent Diffuse': fallback shader 'Particles/Alpha Blended' not found
Shader 'Universal Render Pipeline/Particles/Lit': fallback shader 'Universal Render Pipeline/Particles/SimpleLit' not found
Shader 'WFX/Transparent Specular': fallback shader 'Particles/Alpha Blended' not found
Refreshing native plugins compatible for Editor in 0.55 ms, found 0 plugins.
Preloading 0 native plugins for Editor in 0.00 ms.
Unloading 3001 Unused Serialized files (Serialized files now loaded: 0)
System memory in use before: 157.6 MB.
System memory in use after: 157.8 MB.

Unloading 7 unused Assets to reduce memory usage. Loaded Objects now: 3677.
Total: 2.584800 ms (FindLiveObjects: 0.290700 ms CreateObjectMapping: 0.147700 ms MarkObjects: 2.103100 ms  DeleteObjects: 0.041500 ms)

========================================================================
Received Import Request.
  Time since last request: 736.347902 seconds.
  path: Assets/Animation/Script
  artifactKey: Guid(78cc6a8a432cfef438d0c891fedffc92) Importer(815301076,1909f56bfc062723c751e8b465ee728b)
Start importing Assets/Animation/Script using Guid(78cc6a8a432cfef438d0c891fedffc92) Importer(815301076,1909f56bfc062723c751e8b465ee728b)  -> (artifact id: '5ee483fe6c082f92335220775ba003a4') in 0.008556 seconds
  Import took 0.014408 seconds .

========================================================================
Received Prepare
Registering precompiled user dll's ...
Registered in 0.002390 seconds.
Begin MonoManager ReloadAssembly
Native extension for WindowsStandalone target not found
Refreshing native plugins compatible for Editor in 0.87 ms, found 0 plugins.
Preloading 0 native plugins for Editor in 0.00 ms.
Mono: successfully reloaded assembly
- Completed reload, in  1.390 seconds
Platform modules already initialized, skipping
Shader 'WFX/Transparent Diffuse': fallback shader 'Particles/Alpha Blended' not found
Shader 'Universal Render Pipeline/Particles/Lit': fallback shader 'Universal Render Pipeline/Particles/SimpleLit' not found
Shader 'WFX/Transparent Specular': fallback shader 'Particles/Alpha Blended' not found
Refreshing native plugins compatible for Editor in 0.55 ms, found 0 plugins.
Preloading 0 native plugins for Editor in 0.00 ms.
Unloading 3001 Unused Serialized files (Serialized files now loaded: 0)
System memory in use before: 157.6 MB.
System memory in use after: 157.9 MB.

Unloading 7 unused Assets to reduce memory usage. Loaded Objects now: 3680.
Total: 2.631700 ms (FindLiveObjects: 0.273900 ms CreateObjectMapping: 0.130800 ms MarkObjects: 2.209700 ms  DeleteObjects: 0.015700 ms)

========================================================================
Received Prepare
Registering precompiled user dll's ...
Registered in 0.002469 seconds.
Begin MonoManager ReloadAssembly
Native extension for WindowsStandalone target not found
Refreshing native plugins compatible for Editor in 0.65 ms, found 0 plugins.
Preloading 0 native plugins for Editor in 0.00 ms.
Mono: successfully reloaded assembly
- Completed reload, in  1.563 seconds
Platform modules already initialized, skipping
Shader 'WFX/Transparent Diffuse': fallback shader 'Particles/Alpha Blended' not found
Shader 'Universal Render Pipeline/Particles/Lit': fallback shader 'Universal Render Pipeline/Particles/SimpleLit' not found
Shader 'WFX/Transparent Specular': fallback shader 'Particles/Alpha Blended' not found
Refreshing native plugins compatible for Editor in 0.63 ms, found 0 plugins.
Preloading 0 native plugins for Editor in 0.00 ms.
Unloading 3001 Unused Serialized files (Serialized files now loaded: 0)
System memory in use before: 157.6 MB.
System memory in use after: 157.9 MB.

Unloading 7 unused Assets to reduce memory usage. Loaded Objects now: 3683.
Total: 3.697600 ms (FindLiveObjects: 0.326700 ms CreateObjectMapping: 0.232400 ms MarkObjects: 3.118900 ms  DeleteObjects: 0.017900 ms)

========================================================================
Received Prepare
Registering precompiled user dll's ...
Registered in 0.001983 seconds.
Begin MonoManager ReloadAssembly
Native extension for WindowsStandalone target not found
Refreshing native plugins compatible for Editor in 0.53 ms, found 0 plugins.
Preloading 0 native plugins for Editor in 0.00 ms.
Mono: successfully reloaded assembly
- Completed reload, in  1.328 seconds
Platform modules already initialized, skipping
Shader 'WFX/Transparent Diffuse': fallback shader 'Particles/Alpha Blended' not found
Shader 'Universal Render Pipeline/Particles/Lit': fallback shader 'Universal Render Pipeline/Particles/SimpleLit' not found
Shader 'WFX/Transparent Specular': fallback shader 'Particles/Alpha Blended' not found
Refreshing native plugins compatible for Editor in 0.53 ms, found 0 plugins.
Preloading 0 native plugins for Editor in 0.00 ms.
Unloading 3001 Unused Serialized files (Serialized files now loaded: 0)
System memory in use before: 157.6 MB.
System memory in use after: 157.9 MB.

Unloading 7 unused Assets to reduce memory usage. Loaded Objects now: 3686.
Total: 3.010700 ms (FindLiveObjects: 0.307200 ms CreateObjectMapping: 0.221300 ms MarkObjects: 2.465600 ms  DeleteObjects: 0.015400 ms)

========================================================================
Received Import Request.
  Time since last request: 863.437937 seconds.
  path: Assets/Particle/JMO Assets/WarFX/Mobile/Materials/Flames/WFXM_M_FlameBig Add.mat
  artifactKey: Guid(4ad9452cd1004624f819e31cda3cdcce) Importer(815301076,1909f56bfc062723c751e8b465ee728b)
Start importing Assets/Particle/JMO Assets/WarFX/Mobile/Materials/Flames/WFXM_M_FlameBig Add.mat using Guid(4ad9452cd1004624f819e31cda3cdcce) Importer(815301076,1909f56bfc062723c751e8b465ee728b)  -> (artifact id: '41da3f9072ddbb2894be3a8c94ae2813') in 0.214925 seconds
  Import took 0.221138 seconds .

========================================================================
Received Import Request.
  Time since last request: 1.926160 seconds.
  path: Assets/Particle/JMO Assets/WarFX/Mobile/Materials/Misc/WFXM_M_SmallDots Add.mat
  artifactKey: Guid(0a743b143d5c8cb49af595203f3a47ec) Importer(815301076,1909f56bfc062723c751e8b465ee728b)
Start importing Assets/Particle/JMO Assets/WarFX/Mobile/Materials/Misc/WFXM_M_SmallDots Add.mat using Guid(0a743b143d5c8cb49af595203f3a47ec) Importer(815301076,1909f56bfc062723c751e8b465ee728b)  -> (artifact id: '7622c34e5c4ca34d6eb6c5aab9f136f4') in 0.021431 seconds
  Import took 0.027483 seconds .

========================================================================
Received Import Request.
  Time since last request: 0.008670 seconds.
  path: Assets/Particle/JMO Assets/WarFX/Mobile/Materials/Misc/WFXM_M_SmallDots Add.mat
  artifactKey: Guid(0a743b143d5c8cb49af595203f3a47ec) Importer(815301076,1909f56bfc062723c751e8b465ee728b)
Start importing Assets/Particle/JMO Assets/WarFX/Mobile/Materials/Misc/WFXM_M_SmallDots Add.mat using Guid(0a743b143d5c8cb49af595203f3a47ec) Importer(815301076,1909f56bfc062723c751e8b465ee728b)  -> (artifact id: '7622c34e5c4ca34d6eb6c5aab9f136f4') in 0.012384 seconds
  Import took 0.021481 seconds .

========================================================================
Received Prepare
Registering precompiled user dll's ...
Registered in 0.003217 seconds.
Begin MonoManager ReloadAssembly
Native extension for WindowsStandalone target not found
Refreshing native plugins compatible for Editor in 0.56 ms, found 0 plugins.
Preloading 0 native plugins for Editor in 0.00 ms.
Mono: successfully reloaded assembly
- Completed reload, in  1.633 seconds
Platform modules already initialized, skipping
Shader 'WFX/Transparent Diffuse': fallback shader 'Particles/Alpha Blended' not found
Shader 'Universal Render Pipeline/Particles/Lit': fallback shader 'Universal Render Pipeline/Particles/SimpleLit' not found
Shader 'WFX/Transparent Specular': fallback shader 'Particles/Alpha Blended' not found
Refreshing native plugins compatible for Editor in 0.68 ms, found 0 plugins.
Preloading 0 native plugins for Editor in 0.00 ms.
Unloading 3001 Unused Serialized files (Serialized files now loaded: 0)
System memory in use before: 157.8 MB.
System memory in use after: 158.0 MB.

Unloading 7 unused Assets to reduce memory usage. Loaded Objects now: 3725.
Total: 4.845700 ms (FindLiveObjects: 0.362900 ms CreateObjectMapping: 0.249600 ms MarkObjects: 4.185200 ms  DeleteObjects: 0.044500 ms)

========================================================================
Received Import Request.
  Time since last request: 106.843718 seconds.
  path: Assets/Animation/Casual/xbot@Firing Rifle.fbx
  artifactKey: Guid(d6f1db4f540d4ce48b9b4c658c9357d3) Importer(815301076,1909f56bfc062723c751e8b465ee728b)
Start importing Assets/Animation/Casual/xbot@Firing Rifle.fbx using Guid(d6f1db4f540d4ce48b9b4c658c9357d3) Importer(815301076,1909f56bfc062723c751e8b465ee728b)  -> (artifact id: '4072a1a7372e4abc45038bd615e4eae3') in 0.279460 seconds
  Import took 0.285678 seconds .

========================================================================
Received Import Request.
  Time since last request: 0.000190 seconds.
  path: Assets/Animation/Casual/xbot@Rifle Walk.fbx
  artifactKey: Guid(7158cbed89adcd14cae7bdd1cedf9110) Importer(815301076,1909f56bfc062723c751e8b465ee728b)
Start importing Assets/Animation/Casual/xbot@Rifle Walk.fbx using Guid(7158cbed89adcd14cae7bdd1cedf9110) Importer(815301076,1909f56bfc062723c751e8b465ee728b)  -> (artifact id: '8d889fbd329bec715d8bb64ac27965a5') in 0.051701 seconds
  Import took 0.058842 seconds .

========================================================================
Received Import Request.
  Time since last request: 0.000190 seconds.
  path: Assets/Animation/Casual/xbot@Rifle Idle.fbx
  artifactKey: Guid(cac82282a6e2a9148b20a8fa3cb465d2) Importer(815301076,1909f56bfc062723c751e8b465ee728b)
Start importing Assets/Animation/Casual/xbot@Rifle Idle.fbx using Guid(cac82282a6e2a9148b20a8fa3cb465d2) Importer(815301076,1909f56bfc062723c751e8b465ee728b)  -> (artifact id: 'e22c6b88b71900e1a2af53b68b051784') in 0.050289 seconds
  Import took 0.056779 seconds .

========================================================================
Received Import Request.
  Time since last request: 0.000209 seconds.
  path: Assets/Animation/Casual/xbot@Rifle Run.fbx
  artifactKey: Guid(cc8854bc037ca034bbdc1f60a0b898c9) Importer(815301076,1909f56bfc062723c751e8b465ee728b)
Start importing Assets/Animation/Casual/xbot@Rifle Run.fbx using Guid(cc8854bc037ca034bbdc1f60a0b898c9) Importer(815301076,1909f56bfc062723c751e8b465ee728b)  -> (artifact id: '54f017f8fdfd48244a3b9869b4cd5fa1') in 0.056156 seconds
  Import took 0.062645 seconds .

========================================================================
Received Import Request.
  Time since last request: 0.000215 seconds.
  path: Assets/Animation/Casual/xbot@Rifle Idle.fbx
  artifactKey: Guid(cac82282a6e2a9148b20a8fa3cb465d2) Importer(815301076,1909f56bfc062723c751e8b465ee728b)
Start importing Assets/Animation/Casual/xbot@Rifle Idle.fbx using Guid(cac82282a6e2a9148b20a8fa3cb465d2) Importer(815301076,1909f56bfc062723c751e8b465ee728b)  -> (artifact id: 'e22c6b88b71900e1a2af53b68b051784') in 0.048251 seconds
  Import took 0.054509 seconds .

========================================================================
Received Prepare
Registering precompiled user dll's ...
Registered in 0.002162 seconds.
Begin MonoManager ReloadAssembly
Native extension for WindowsStandalone target not found
Refreshing native plugins compatible for Editor in 0.59 ms, found 0 plugins.
Preloading 0 native plugins for Editor in 0.00 ms.
Mono: successfully reloaded assembly
- Completed reload, in  1.975 seconds
Platform modules already initialized, skipping
Shader 'WFX/Transparent Diffuse': fallback shader 'Particles/Alpha Blended' not found
Shader 'Universal Render Pipeline/Particles/Lit': fallback shader 'Universal Render Pipeline/Particles/SimpleLit' not found
Shader 'WFX/Transparent Specular': fallback shader 'Particles/Alpha Blended' not found
Refreshing native plugins compatible for Editor in 0.62 ms, found 0 plugins.
Preloading 0 native plugins for Editor in 0.00 ms.
Unloading 3001 Unused Serialized files (Serialized files now loaded: 0)
System memory in use before: 158.0 MB.
System memory in use after: 158.2 MB.

Unloading 7 unused Assets to reduce memory usage. Loaded Objects now: 3764.
Total: 3.351000 ms (FindLiveObjects: 0.431500 ms CreateObjectMapping: 0.253700 ms MarkObjects: 2.645300 ms  DeleteObjects: 0.018600 ms)

========================================================================
Received Prepare
Registering precompiled user dll's ...
Registered in 0.001941 seconds.
Begin MonoManager ReloadAssembly
Native extension for WindowsStandalone target not found
Refreshing native plugins compatible for Editor in 0.54 ms, found 0 plugins.
Preloading 0 native plugins for Editor in 0.00 ms.
Mono: successfully reloaded assembly
- Completed reload, in  1.413 seconds
Platform modules already initialized, skipping
Shader 'WFX/Transparent Diffuse': fallback shader 'Particles/Alpha Blended' not found
Shader 'Universal Render Pipeline/Particles/Lit': fallback shader 'Universal Render Pipeline/Particles/SimpleLit' not found
Shader 'WFX/Transparent Specular': fallback shader 'Particles/Alpha Blended' not found
Refreshing native plugins compatible for Editor in 0.61 ms, found 0 plugins.
Preloading 0 native plugins for Editor in 0.00 ms.
Unloading 3001 Unused Serialized files (Serialized files now loaded: 0)
System memory in use before: 158.0 MB.
System memory in use after: 158.2 MB.

Unloading 7 unused Assets to reduce memory usage. Loaded Objects now: 3767.
Total: 3.169400 ms (FindLiveObjects: 0.321700 ms CreateObjectMapping: 0.164400 ms MarkObjects: 2.661900 ms  DeleteObjects: 0.019900 ms)

========================================================================
Received Prepare
Registering precompiled user dll's ...
Registered in 0.002040 seconds.
Begin MonoManager ReloadAssembly
Native extension for WindowsStandalone target not found
Refreshing native plugins compatible for Editor in 0.53 ms, found 0 plugins.
Preloading 0 native plugins for Editor in 0.00 ms.
Mono: successfully reloaded assembly
- Completed reload, in  1.155 seconds
Platform modules already initialized, skipping
Shader 'WFX/Transparent Diffuse': fallback shader 'Particles/Alpha Blended' not found
Shader 'Universal Render Pipeline/Particles/Lit': fallback shader 'Universal Render Pipeline/Particles/SimpleLit' not found
Shader 'WFX/Transparent Specular': fallback shader 'Particles/Alpha Blended' not found
Refreshing native plugins compatible for Editor in 0.52 ms, found 0 plugins.
Preloading 0 native plugins for Editor in 0.00 ms.
Unloading 3001 Unused Serialized files (Serialized files now loaded: 0)
System memory in use before: 158.0 MB.
System memory in use after: 158.2 MB.

Unloading 7 unused Assets to reduce memory usage. Loaded Objects now: 3770.
Total: 2.687300 ms (FindLiveObjects: 0.343000 ms CreateObjectMapping: 0.163400 ms MarkObjects: 2.164300 ms  DeleteObjects: 0.015500 ms)

========================================================================
Received Import Request.
  Time since last request: 1053.996640 seconds.
  path: Assets/Animation/Casual/AK74 Variant.prefab
  artifactKey: Guid(9575eabf17c81084fa5808dff7c75725) Importer(815301076,1909f56bfc062723c751e8b465ee728b)
Start importing Assets/Animation/Casual/AK74 Variant.prefab using Guid(9575eabf17c81084fa5808dff7c75725) Importer(815301076,1909f56bfc062723c751e8b465ee728b)  -> (artifact id: 'dc7249f4130acb7dc814a7613bf797cf') in 0.033608 seconds
  Import took 0.038401 seconds .

========================================================================
Received Import Request.
  Time since last request: 38.791792 seconds.
  path: Assets/Animation/Casual/PlayerFPS.prefab
  artifactKey: Guid(000eff05434127a479a9d043e3678699) Importer(815301076,1909f56bfc062723c751e8b465ee728b)
Start importing Assets/Animation/Casual/PlayerFPS.prefab using Guid(000eff05434127a479a9d043e3678699) Importer(815301076,1909f56bfc062723c751e8b465ee728b)  -> (artifact id: '7ad0d0d98501e4a235a68105fac86e1a') in 0.022483 seconds
  Import took 0.028089 seconds .

========================================================================
Received Prepare
Registering precompiled user dll's ...
Registered in 0.001775 seconds.
Begin MonoManager ReloadAssembly
Native extension for WindowsStandalone target not found
Refreshing native plugins compatible for Editor in 0.52 ms, found 0 plugins.
Preloading 0 native plugins for Editor in 0.00 ms.
Mono: successfully reloaded assembly
- Completed reload, in  1.217 seconds
Platform modules already initialized, skipping
Shader 'WFX/Transparent Diffuse': fallback shader 'Particles/Alpha Blended' not found
Shader 'Universal Render Pipeline/Particles/Lit': fallback shader 'Universal Render Pipeline/Particles/SimpleLit' not found
Shader 'WFX/Transparent Specular': fallback shader 'Particles/Alpha Blended' not found
Refreshing native plugins compatible for Editor in 0.53 ms, found 0 plugins.
Preloading 0 native plugins for Editor in 0.00 ms.
Unloading 3001 Unused Serialized files (Serialized files now loaded: 0)
System memory in use before: 158.0 MB.
System memory in use after: 158.3 MB.

Unloading 7 unused Assets to reduce memory usage. Loaded Objects now: 3773.
Total: 3.201400 ms (FindLiveObjects: 0.284600 ms CreateObjectMapping: 0.132700 ms MarkObjects: 2.761500 ms  DeleteObjects: 0.021200 ms)

========================================================================
Received Prepare
Registering precompiled user dll's ...
Registered in 0.001752 seconds.
Begin MonoManager ReloadAssembly
Native extension for WindowsStandalone target not found
Refreshing native plugins compatible for Editor in 0.55 ms, found 0 plugins.
Preloading 0 native plugins for Editor in 0.00 ms.
Mono: successfully reloaded assembly
- Completed reload, in  1.291 seconds
Platform modules already initialized, skipping
Shader 'WFX/Transparent Diffuse': fallback shader 'Particles/Alpha Blended' not found
Shader 'Universal Render Pipeline/Particles/Lit': fallback shader 'Universal Render Pipeline/Particles/SimpleLit' not found
Shader 'WFX/Transparent Specular': fallback shader 'Particles/Alpha Blended' not found
Refreshing native plugins compatible for Editor in 0.68 ms, found 0 plugins.
Preloading 0 native plugins for Editor in 0.00 ms.
Unloading 3001 Unused Serialized files (Serialized files now loaded: 0)
System memory in use before: 158.0 MB.
System memory in use after: 158.3 MB.

Unloading 7 unused Assets to reduce memory usage. Loaded Objects now: 3776.
Total: 4.521600 ms (FindLiveObjects: 0.768800 ms CreateObjectMapping: 0.370100 ms MarkObjects: 3.330900 ms  DeleteObjects: 0.050200 ms)

========================================================================
Received Prepare
Registering precompiled user dll's ...
Registered in 0.002348 seconds.
Begin MonoManager ReloadAssembly
Native extension for WindowsStandalone target not found
Refreshing native plugins compatible for Editor in 0.71 ms, found 0 plugins.
Preloading 0 native plugins for Editor in 0.00 ms.
Mono: successfully reloaded assembly
- Completed reload, in  1.351 seconds
Platform modules already initialized, skipping
Shader 'WFX/Transparent Diffuse': fallback shader 'Particles/Alpha Blended' not found
Shader 'Universal Render Pipeline/Particles/Lit': fallback shader 'Universal Render Pipeline/Particles/SimpleLit' not found
Shader 'WFX/Transparent Specular': fallback shader 'Particles/Alpha Blended' not found
Refreshing native plugins compatible for Editor in 0.68 ms, found 0 plugins.
Preloading 0 native plugins for Editor in 0.00 ms.
Unloading 3001 Unused Serialized files (Serialized files now loaded: 0)
System memory in use before: 158.0 MB.
System memory in use after: 158.3 MB.

Unloading 7 unused Assets to reduce memory usage. Loaded Objects now: 3779.
Total: 3.036000 ms (FindLiveObjects: 0.393600 ms CreateObjectMapping: 0.214200 ms MarkObjects: 2.410500 ms  DeleteObjects: 0.016700 ms)

========================================================================
Received Import Request.
  Time since last request: 2023.003732 seconds.
  path: Assets/UpperBodyAim.prefab
  artifactKey: Guid(a695eab39e4455640b27dad4cb9493ce) Importer(815301076,1909f56bfc062723c751e8b465ee728b)
Start importing Assets/UpperBodyAim.prefab using Guid(a695eab39e4455640b27dad4cb9493ce) Importer(815301076,1909f56bfc062723c751e8b465ee728b)  -> (artifact id: '0c3384026d1351c74d6d74044222bb1d') in 0.035570 seconds
  Import took 0.041781 seconds .

========================================================================
Received Import Request.
  Time since last request: 0.004501 seconds.
  path: Assets/UpperBodyAim.prefab
  artifactKey: Guid(a695eab39e4455640b27dad4cb9493ce) Importer(815301076,1909f56bfc062723c751e8b465ee728b)
Start importing Assets/UpperBodyAim.prefab using Guid(a695eab39e4455640b27dad4cb9493ce) Importer(815301076,1909f56bfc062723c751e8b465ee728b)  -> (artifact id: '0c3384026d1351c74d6d74044222bb1d') in 0.004291 seconds
  Import took 0.009066 seconds .

========================================================================
Received Import Request.
  Time since last request: 7.104350 seconds.
  path: Assets/RightTarget.prefab
  artifactKey: Guid(28b9662423176c24095c0cfb66439480) Importer(815301076,1909f56bfc062723c751e8b465ee728b)
Start importing Assets/RightTarget.prefab using Guid(28b9662423176c24095c0cfb66439480) Importer(815301076,1909f56bfc062723c751e8b465ee728b)  -> (artifact id: '8ab23edc39fcf8da5e23494a44f766de') in 0.003310 seconds
  Import took 0.008292 seconds .

========================================================================
Received Import Request.
  Time since last request: 0.001034 seconds.
  path: Assets/RightTarget.prefab
  artifactKey: Guid(28b9662423176c24095c0cfb66439480) Importer(815301076,1909f56bfc062723c751e8b465ee728b)
Start importing Assets/RightTarget.prefab using Guid(28b9662423176c24095c0cfb66439480) Importer(815301076,1909f56bfc062723c751e8b465ee728b)  -> (artifact id: '8ab23edc39fcf8da5e23494a44f766de') in 0.003580 seconds
  Import took 0.009786 seconds .

========================================================================
Received Import Request.
  Time since last request: 1.512220 seconds.
  path: Assets/LeftTarget.prefab
  artifactKey: Guid(f250efaadcd6b2448a7cb57755e495d4) Importer(815301076,1909f56bfc062723c751e8b465ee728b)
Start importing Assets/LeftTarget.prefab using Guid(f250efaadcd6b2448a7cb57755e495d4) Importer(815301076,1909f56bfc062723c751e8b465ee728b)  -> (artifact id: '3eedbb313716a02ef54e324194a44641') in 0.003070 seconds
  Import took 0.008094 seconds .

========================================================================
Received Import Request.
  Time since last request: 0.001316 seconds.
  path: Assets/LeftTarget.prefab
  artifactKey: Guid(f250efaadcd6b2448a7cb57755e495d4) Importer(815301076,1909f56bfc062723c751e8b465ee728b)
Start importing Assets/LeftTarget.prefab using Guid(f250efaadcd6b2448a7cb57755e495d4) Importer(815301076,1909f56bfc062723c751e8b465ee728b)  -> (artifact id: '3eedbb313716a02ef54e324194a44641') in 0.003238 seconds
  Import took 0.008562 seconds .

========================================================================
Received Prepare
Registering precompiled user dll's ...
Registered in 0.013531 seconds.
Begin MonoManager ReloadAssembly
Native extension for WindowsStandalone target not found
Refreshing native plugins compatible for Editor in 1.02 ms, found 0 plugins.
Preloading 0 native plugins for Editor in 0.00 ms.
Mono: successfully reloaded assembly
- Completed reload, in  1.591 seconds
Platform modules already initialized, skipping
Shader 'WFX/Transparent Diffuse': fallback shader 'Particles/Alpha Blended' not found
Shader 'Universal Render Pipeline/Particles/Lit': fallback shader 'Universal Render Pipeline/Particles/SimpleLit' not found
Shader 'WFX/Transparent Specular': fallback shader 'Particles/Alpha Blended' not found
Refreshing native plugins compatible for Editor in 0.54 ms, found 0 plugins.
Preloading 0 native plugins for Editor in 0.00 ms.
Unloading 3001 Unused Serialized files (Serialized files now loaded: 0)
System memory in use before: 158.0 MB.
System memory in use after: 158.3 MB.

Unloading 7 unused Assets to reduce memory usage. Loaded Objects now: 3782.
Total: 3.229500 ms (FindLiveObjects: 0.341800 ms CreateObjectMapping: 0.167400 ms MarkObjects: 2.702500 ms  DeleteObjects: 0.016200 ms)

========================================================================
Received Import Request.
  Time since last request: 13613.870568 seconds.
  path: Assets/Animation/Aim
  artifactKey: Guid(8765395f6be4fba479926804c1e4f4db) Importer(815301076,1909f56bfc062723c751e8b465ee728b)
Start importing Assets/Animation/Aim using Guid(8765395f6be4fba479926804c1e4f4db) Importer(815301076,1909f56bfc062723c751e8b465ee728b)  -> (artifact id: 'e32fb8a9bac54fd56f4f0c597bfed2e1') in 0.093290 seconds
  Import took 0.181570 seconds .

========================================================================
Received Prepare
Registering precompiled user dll's ...
Registered in 0.002418 seconds.
Begin MonoManager ReloadAssembly
Native extension for WindowsStandalone target not found
Refreshing native plugins compatible for Editor in 0.56 ms, found 0 plugins.
Preloading 0 native plugins for Editor in 0.00 ms.
Mono: successfully reloaded assembly
- Completed reload, in  1.411 seconds
Platform modules already initialized, skipping
Shader 'WFX/Transparent Diffuse': fallback shader 'Particles/Alpha Blended' not found
Shader 'Universal Render Pipeline/Particles/Lit': fallback shader 'Universal Render Pipeline/Particles/SimpleLit' not found
Shader 'WFX/Transparent Specular': fallback shader 'Particles/Alpha Blended' not found
Refreshing native plugins compatible for Editor in 0.58 ms, found 0 plugins.
Preloading 0 native plugins for Editor in 0.00 ms.
Unloading 3001 Unused Serialized files (Serialized files now loaded: 0)
System memory in use before: 158.0 MB.
System memory in use after: 158.3 MB.

Unloading 7 unused Assets to reduce memory usage. Loaded Objects now: 3785.
Total: 3.262000 ms (FindLiveObjects: 0.352200 ms CreateObjectMapping: 0.184300 ms MarkObjects: 2.695100 ms  DeleteObjects: 0.029400 ms)

========================================================================
Received Import Request.
  Time since last request: 111.907725 seconds.
  path: Assets/Animation/Animator/PlayerTPS.controller
  artifactKey: Guid(084dfd5e3dd58174ba0075cd394b5b04) Importer(815301076,1909f56bfc062723c751e8b465ee728b)
Start importing Assets/Animation/Animator/PlayerTPS.controller using Guid(084dfd5e3dd58174ba0075cd394b5b04) Importer(815301076,1909f56bfc062723c751e8b465ee728b)  -> (artifact id: 'a3964e3aa2918dea086fa61315d21940') in 0.043750 seconds
  Import took 0.050954 seconds .

========================================================================
Received Import Request.
  Time since last request: 903.329375 seconds.
  path: Assets/ExampleAssets/Models/ConstructionLight_Low.fbx
  artifactKey: Guid(e3ae06a3979f53046aa05330d69de1fa) Importer(815301076,1909f56bfc062723c751e8b465ee728b)
Start importing Assets/ExampleAssets/Models/ConstructionLight_Low.fbx using Guid(e3ae06a3979f53046aa05330d69de1fa) Importer(815301076,1909f56bfc062723c751e8b465ee728b)  -> (artifact id: '9b96bbe7fa943c7495f3b86f01203835') in 0.235532 seconds
  Import took 0.242044 seconds .

========================================================================
Received Import Request.
  Time since last request: 0.000253 seconds.
  path: Assets/M16 A1/Base mesh/Base mesh.fbx
  artifactKey: Guid(b00c3a8e56f70ee4b80bcbdb8a70fdb6) Importer(815301076,1909f56bfc062723c751e8b465ee728b)
Start importing Assets/M16 A1/Base mesh/Base mesh.fbx using Guid(b00c3a8e56f70ee4b80bcbdb8a70fdb6) Importer(815301076,1909f56bfc062723c751e8b465ee728b)  -> (artifact id: '31e7b2dfb0d4c0bff44e938f914290e8') in 0.475576 seconds
  Import took 0.488592 seconds .

========================================================================
Received Import Request.
  Time since last request: 0.000247 seconds.
  path: Packages/com.unity.animation.rigging/Editor/Shapes/LocatorEffector.asset
  artifactKey: Guid(c6793350c150f456688e39a81f97364a) Importer(815301076,1909f56bfc062723c751e8b465ee728b)
Start importing Packages/com.unity.animation.rigging/Editor/Shapes/LocatorEffector.asset using Guid(c6793350c150f456688e39a81f97364a) Importer(815301076,1909f56bfc062723c751e8b465ee728b)  -> (artifact id: '0d897cde79ab91f5d574610e89017e3c') in 0.014810 seconds
  Import took 0.020275 seconds .

========================================================================
Received Import Request.
  Time since last request: 1.003190 seconds.
  path: Assets/ExampleAssets/Models/Workshop_Set.fbx
  artifactKey: Guid(47616bd0cda748d4cbedcfc908506b9d) Importer(815301076,1909f56bfc062723c751e8b465ee728b)
Start importing Assets/ExampleAssets/Models/Workshop_Set.fbx using Guid(47616bd0cda748d4cbedcfc908506b9d) Importer(815301076,1909f56bfc062723c751e8b465ee728b)  -> (artifact id: 'a9bf4f76a06d194b2ca1bc5e687ffacd') in 0.078167 seconds
  Import took 0.084888 seconds .

========================================================================
Received Import Request.
  Time since last request: 0.000246 seconds.
  path: Assets/ExampleAssets/Models/paintbucket_low.fbx
  artifactKey: Guid(b451a052397f03c4f8a04d915d1c0492) Importer(815301076,1909f56bfc062723c751e8b465ee728b)
Start importing Assets/ExampleAssets/Models/paintbucket_low.fbx using Guid(b451a052397f03c4f8a04d915d1c0492) Importer(815301076,1909f56bfc062723c751e8b465ee728b)  -> (artifact id: 'b9ff20b8ea1aff28e36d180bc19aa69e') in 0.067784 seconds
  Import took 0.073339 seconds .

========================================================================
Received Import Request.
  Time since last request: 0.000275 seconds.
  path: Assets/Particle/JMO Assets/WarFX/Demo/Assets/WFX_Demo_M4.fbx
  artifactKey: Guid(7350c439920074a58a63ca710c013777) Importer(815301076,1909f56bfc062723c751e8b465ee728b)
Start importing Assets/Particle/JMO Assets/WarFX/Demo/Assets/WFX_Demo_M4.fbx using Guid(7350c439920074a58a63ca710c013777) Importer(815301076,1909f56bfc062723c751e8b465ee728b)  -> (artifact id: '3d28c122958304a95165ec7772080a65') in 0.014647 seconds
  Import took 0.020484 seconds .

========================================================================
Received Import Request.
  Time since last request: 0.000303 seconds.
  path: Assets/Particle/JMO Assets/WarFX/Mesh/Plane1x1.FBX
  artifactKey: Guid(9d0862121c112ec4abc229920df08581) Importer(815301076,1909f56bfc062723c751e8b465ee728b)
Start importing Assets/Particle/JMO Assets/WarFX/Mesh/Plane1x1.FBX using Guid(9d0862121c112ec4abc229920df08581) Importer(815301076,1909f56bfc062723c751e8b465ee728b)  -> (artifact id: '788bf8ad2d645f8e245a42811da56c95') in 0.025989 seconds
  Import took 0.032879 seconds .

========================================================================
Received Import Request.
  Time since last request: 0.061087 seconds.
  path: Assets/ExampleAssets/Models/jigsaw_low.fbx
  artifactKey: Guid(8b73e8872ca76104bbca4ee2b704a1b4) Importer(815301076,1909f56bfc062723c751e8b465ee728b)
Start importing Assets/ExampleAssets/Models/jigsaw_low.fbx using Guid(8b73e8872ca76104bbca4ee2b704a1b4) Importer(815301076,1909f56bfc062723c751e8b465ee728b)  -> (artifact id: '4a75ab9f3a6678932cdcf9ad3e0e2788') in 0.025129 seconds
  Import took 0.031400 seconds .

========================================================================
Received Import Request.
  Time since last request: 0.000258 seconds.
  path: Assets/ExampleAssets/Models/safetygoggles_low.fbx
  artifactKey: Guid(6296e48663fd7ad46b1a2af507f871cf) Importer(815301076,1909f56bfc062723c751e8b465ee728b)
Start importing Assets/ExampleAssets/Models/safetygoggles_low.fbx using Guid(6296e48663fd7ad46b1a2af507f871cf) Importer(815301076,1909f56bfc062723c751e8b465ee728b)  -> (artifact id: '093bcbe19b12d02913c928d5aebdadaf') in 0.611070 seconds
  Import took 0.615955 seconds .

========================================================================
Received Import Request.
  Time since last request: 0.000285 seconds.
  path: Packages/com.unity.animation.rigging/Editor/Shapes/SquareEffector.asset
  artifactKey: Guid(707439f5f179a460987ecbb96364c8a9) Importer(815301076,1909f56bfc062723c751e8b465ee728b)
Start importing Packages/com.unity.animation.rigging/Editor/Shapes/SquareEffector.asset using Guid(707439f5f179a460987ecbb96364c8a9) Importer(815301076,1909f56bfc062723c751e8b465ee728b)  -> (artifact id: '9a45ee0bf5b1519cad078a36a2b3e0fc') in 0.007269 seconds
  Import took 0.012908 seconds .

========================================================================
Received Import Request.
  Time since last request: 0.000257 seconds.
  path: Assets/ExampleAssets/Models/Stud.fbx
  artifactKey: Guid(34624edaccd9d704a95ed404d919b492) Importer(815301076,1909f56bfc062723c751e8b465ee728b)
Start importing Assets/ExampleAssets/Models/Stud.fbx using Guid(34624edaccd9d704a95ed404d919b492) Importer(815301076,1909f56bfc062723c751e8b465ee728b)  -> (artifact id: '6789e89abff3ce43096d3bc7c0645e0e') in 0.055775 seconds
  Import took 0.061846 seconds .

========================================================================
Received Import Request.
  Time since last request: 0.000316 seconds.
  path: Assets/ExampleAssets/Models/Workbench.fbx
  artifactKey: Guid(efe9381559c516743bd05cef82f39ebb) Importer(815301076,1909f56bfc062723c751e8b465ee728b)
Start importing Assets/ExampleAssets/Models/Workbench.fbx using Guid(efe9381559c516743bd05cef82f39ebb) Importer(815301076,1909f56bfc062723c751e8b465ee728b)  -> (artifact id: 'eceabc0c11e0b977fcd6d4c2c5c5b1fa') in 0.087768 seconds
  Import took 0.093221 seconds .

========================================================================
Received Import Request.
  Time since last request: 0.000232 seconds.
  path: Assets/ExampleAssets/Models/Workbench_Low.fbx
  artifactKey: Guid(ff6dc36862fe41641bb21568d92147c9) Importer(815301076,1909f56bfc062723c751e8b465ee728b)
Start importing Assets/ExampleAssets/Models/Workbench_Low.fbx using Guid(ff6dc36862fe41641bb21568d92147c9) Importer(815301076,1909f56bfc062723c751e8b465ee728b)  -> (artifact id: 'c90d603ade603a788249ab8f50799467') in 0.082492 seconds
  Import took 0.087871 seconds .

========================================================================
Received Import Request.
  Time since last request: 0.000231 seconds.
  path: Assets/ExampleAssets/Models/safetyhat_low.fbx
  artifactKey: Guid(9d0d902f71acfe646a46cb625f815a49) Importer(815301076,1909f56bfc062723c751e8b465ee728b)
Start importing Assets/ExampleAssets/Models/safetyhat_low.fbx using Guid(9d0d902f71acfe646a46cb625f815a49) Importer(815301076,1909f56bfc062723c751e8b465ee728b)  -> (artifact id: 'ea0d6f90335767a7c7f2c11a2d91c056') in 0.023766 seconds
  Import took 0.029564 seconds .

========================================================================
Received Import Request.
  Time since last request: 0.000243 seconds.
  path: Assets/ExampleAssets/Models/small_plane.fbx
  artifactKey: Guid(aeaee610429f51f44981e141eb2a3545) Importer(815301076,1909f56bfc062723c751e8b465ee728b)
Start importing Assets/ExampleAssets/Models/small_plane.fbx using Guid(aeaee610429f51f44981e141eb2a3545) Importer(815301076,1909f56bfc062723c751e8b465ee728b)  -> (artifact id: 'b614edf588cd88b31c2a5adf970b7b32') in 0.022214 seconds
  Import took 0.027932 seconds .

========================================================================
Received Import Request.
  Time since last request: 10.903519 seconds.
  path: Packages/com.unity.animation.rigging/Editor/Shapes/BallEffector.asset
  artifactKey: Guid(e050c2b16fe384bd994474655a4b4968) Importer(815301076,1909f56bfc062723c751e8b465ee728b)
Start importing Packages/com.unity.animation.rigging/Editor/Shapes/BallEffector.asset using Guid(e050c2b16fe384bd994474655a4b4968) Importer(815301076,1909f56bfc062723c751e8b465ee728b)  -> (artifact id: '696f42179bbe9b111dfe0e66bf51b622') in 0.010021 seconds
  Import took 0.017480 seconds .

========================================================================
Received Import Request.
  Time since last request: 1.192554 seconds.
  path: Assets/Particle/JMO Assets/WarFX/Mesh/icosphere.fbx
  artifactKey: Guid(30b0c87680e76604a959637052b5e8ac) Importer(815301076,1909f56bfc062723c751e8b465ee728b)
Start importing Assets/Particle/JMO Assets/WarFX/Mesh/icosphere.fbx using Guid(30b0c87680e76604a959637052b5e8ac) Importer(815301076,1909f56bfc062723c751e8b465ee728b)  -> (artifact id: '552529c0126b8aef8164c8cdb90bc65f') in 0.016081 seconds
  Import took 0.023586 seconds .

========================================================================
Received Prepare
Registering precompiled user dll's ...
Registered in 0.001797 seconds.
Begin MonoManager ReloadAssembly
Native extension for WindowsStandalone target not found
Refreshing native plugins compatible for Editor in 0.62 ms, found 0 plugins.
Preloading 0 native plugins for Editor in 0.00 ms.
Mono: successfully reloaded assembly
- Completed reload, in  1.231 seconds
Platform modules already initialized, skipping
Shader 'WFX/Transparent Diffuse': fallback shader 'Particles/Alpha Blended' not found
Shader 'Universal Render Pipeline/Particles/Lit': fallback shader 'Universal Render Pipeline/Particles/SimpleLit' not found
Shader 'WFX/Transparent Specular': fallback shader 'Particles/Alpha Blended' not found
Refreshing native plugins compatible for Editor in 0.63 ms, found 0 plugins.
Preloading 0 native plugins for Editor in 0.00 ms.
Unloading 3001 Unused Serialized files (Serialized files now loaded: 0)
System memory in use before: 158.4 MB.
System memory in use after: 158.6 MB.

Unloading 7 unused Assets to reduce memory usage. Loaded Objects now: 3824.
Total: 3.785300 ms (FindLiveObjects: 0.404000 ms CreateObjectMapping: 0.218200 ms MarkObjects: 3.143300 ms  DeleteObjects: 0.018500 ms)

========================================================================
Received Prepare
Registering precompiled user dll's ...
Registered in 0.001894 seconds.
Begin MonoManager ReloadAssembly
Native extension for WindowsStandalone target not found
Refreshing native plugins compatible for Editor in 0.56 ms, found 0 plugins.
Preloading 0 native plugins for Editor in 0.00 ms.
Mono: successfully reloaded assembly
- Completed reload, in  1.292 seconds
Platform modules already initialized, skipping
Shader 'WFX/Transparent Diffuse': fallback shader 'Particles/Alpha Blended' not found
Shader 'Universal Render Pipeline/Particles/Lit': fallback shader 'Universal Render Pipeline/Particles/SimpleLit' not found
Shader 'WFX/Transparent Specular': fallback shader 'Particles/Alpha Blended' not found
Refreshing native plugins compatible for Editor in 0.62 ms, found 0 plugins.
Preloading 0 native plugins for Editor in 0.00 ms.
Unloading 3001 Unused Serialized files (Serialized files now loaded: 0)
System memory in use before: 158.4 MB.
System memory in use after: 158.7 MB.

Unloading 7 unused Assets to reduce memory usage. Loaded Objects now: 3827.
Total: 2.884300 ms (FindLiveObjects: 0.310200 ms CreateObjectMapping: 0.143100 ms MarkObjects: 2.408700 ms  DeleteObjects: 0.020900 ms)

========================================================================
Received Prepare
Registering precompiled user dll's ...
Registered in 0.001832 seconds.
Begin MonoManager ReloadAssembly
Native extension for WindowsStandalone target not found
Refreshing native plugins compatible for Editor in 0.53 ms, found 0 plugins.
Preloading 0 native plugins for Editor in 0.00 ms.
Mono: successfully reloaded assembly
- Completed reload, in  1.174 seconds
Platform modules already initialized, skipping
Shader 'WFX/Transparent Diffuse': fallback shader 'Particles/Alpha Blended' not found
Shader 'Universal Render Pipeline/Particles/Lit': fallback shader 'Universal Render Pipeline/Particles/SimpleLit' not found
Shader 'WFX/Transparent Specular': fallback shader 'Particles/Alpha Blended' not found
Refreshing native plugins compatible for Editor in 0.52 ms, found 0 plugins.
Preloading 0 native plugins for Editor in 0.00 ms.
Unloading 3001 Unused Serialized files (Serialized files now loaded: 0)
System memory in use before: 158.4 MB.
System memory in use after: 158.7 MB.

Unloading 7 unused Assets to reduce memory usage. Loaded Objects now: 3830.
Total: 3.056200 ms (FindLiveObjects: 0.375200 ms CreateObjectMapping: 0.164300 ms MarkObjects: 2.496200 ms  DeleteObjects: 0.018900 ms)

========================================================================
Received Prepare
Registering precompiled user dll's ...
Registered in 0.002305 seconds.
Begin MonoManager ReloadAssembly
Native extension for WindowsStandalone target not found
Refreshing native plugins compatible for Editor in 0.55 ms, found 0 plugins.
Preloading 0 native plugins for Editor in 0.00 ms.
Mono: successfully reloaded assembly
- Completed reload, in  1.349 seconds
Platform modules already initialized, skipping
Shader 'WFX/Transparent Diffuse': fallback shader 'Particles/Alpha Blended' not found
Shader 'Universal Render Pipeline/Particles/Lit': fallback shader 'Universal Render Pipeline/Particles/SimpleLit' not found
Shader 'WFX/Transparent Specular': fallback shader 'Particles/Alpha Blended' not found
Refreshing native plugins compatible for Editor in 0.75 ms, found 0 plugins.
Preloading 0 native plugins for Editor in 0.00 ms.
Unloading 3001 Unused Serialized files (Serialized files now loaded: 0)
System memory in use before: 158.4 MB.
System memory in use after: 158.7 MB.

Unloading 7 unused Assets to reduce memory usage. Loaded Objects now: 3833.
Total: 3.033300 ms (FindLiveObjects: 0.313500 ms CreateObjectMapping: 0.143700 ms MarkObjects: 2.558200 ms  DeleteObjects: 0.016800 ms)

========================================================================
Received Prepare
Registering precompiled user dll's ...
Registered in 0.002019 seconds.
Begin MonoManager ReloadAssembly
Native extension for WindowsStandalone target not found
Refreshing native plugins compatible for Editor in 0.61 ms, found 0 plugins.
Preloading 0 native plugins for Editor in 0.00 ms.
Mono: successfully reloaded assembly
- Completed reload, in  1.360 seconds
Platform modules already initialized, skipping
Shader 'WFX/Transparent Diffuse': fallback shader 'Particles/Alpha Blended' not found
Shader 'Universal Render Pipeline/Particles/Lit': fallback shader 'Universal Render Pipeline/Particles/SimpleLit' not found
Shader 'WFX/Transparent Specular': fallback shader 'Particles/Alpha Blended' not found
Refreshing native plugins compatible for Editor in 0.62 ms, found 0 plugins.
Preloading 0 native plugins for Editor in 0.00 ms.
Unloading 3001 Unused Serialized files (Serialized files now loaded: 0)
System memory in use before: 158.4 MB.
System memory in use after: 158.7 MB.

Unloading 7 unused Assets to reduce memory usage. Loaded Objects now: 3836.
Total: 3.551600 ms (FindLiveObjects: 0.427100 ms CreateObjectMapping: 0.176600 ms MarkObjects: 2.911400 ms  DeleteObjects: 0.034700 ms)

========================================================================
Received Prepare
Registering precompiled user dll's ...
Registered in 0.001896 seconds.
Begin MonoManager ReloadAssembly
Native extension for WindowsStandalone target not found
Refreshing native plugins compatible for Editor in 0.66 ms, found 0 plugins.
Preloading 0 native plugins for Editor in 0.00 ms.
Mono: successfully reloaded assembly
- Completed reload, in  1.454 seconds
Platform modules already initialized, skipping
Shader 'WFX/Transparent Diffuse': fallback shader 'Particles/Alpha Blended' not found
Shader 'Universal Render Pipeline/Particles/Lit': fallback shader 'Universal Render Pipeline/Particles/SimpleLit' not found
Shader 'WFX/Transparent Specular': fallback shader 'Particles/Alpha Blended' not found
Refreshing native plugins compatible for Editor in 0.83 ms, found 0 plugins.
Preloading 0 native plugins for Editor in 0.00 ms.
Unloading 3001 Unused Serialized files (Serialized files now loaded: 0)
System memory in use before: 158.4 MB.
System memory in use after: 158.7 MB.

Unloading 7 unused Assets to reduce memory usage. Loaded Objects now: 3839.
Total: 4.092800 ms (FindLiveObjects: 0.330100 ms CreateObjectMapping: 0.150600 ms MarkObjects: 3.587000 ms  DeleteObjects: 0.023000 ms)

========================================================================
Received Prepare
Registering precompiled user dll's ...
Registered in 0.002462 seconds.
Begin MonoManager ReloadAssembly
Native extension for WindowsStandalone target not found
Refreshing native plugins compatible for Editor in 0.54 ms, found 0 plugins.
Preloading 0 native plugins for Editor in 0.00 ms.
Mono: successfully reloaded assembly
- Completed reload, in  1.277 seconds
Platform modules already initialized, skipping
Shader 'WFX/Transparent Diffuse': fallback shader 'Particles/Alpha Blended' not found
Shader 'Universal Render Pipeline/Particles/Lit': fallback shader 'Universal Render Pipeline/Particles/SimpleLit' not found
Shader 'WFX/Transparent Specular': fallback shader 'Particles/Alpha Blended' not found
Refreshing native plugins compatible for Editor in 0.73 ms, found 0 plugins.
Preloading 0 native plugins for Editor in 0.00 ms.
Unloading 3001 Unused Serialized files (Serialized files now loaded: 0)
System memory in use before: 158.4 MB.
System memory in use after: 158.7 MB.

Unloading 7 unused Assets to reduce memory usage. Loaded Objects now: 3842.
Total: 5.021900 ms (FindLiveObjects: 0.340500 ms CreateObjectMapping: 0.158800 ms MarkObjects: 4.499700 ms  DeleteObjects: 0.021600 ms)

AssetImportWorkerClient::OnTransportError - code=2 error=End of file
