Using pre-set license
Built from '2020.3/staging' branch; Version is '2020.3.5f1 (8095aa901b9b) revision 8426922'; Using compiler version '192528614'; Build Type 'Release'
OS: 'Windows 10 Pro; OS build 19041.746; Version 2004; 64bit' Language: 'en' Physical Memory: 16301 MB
BatchMode: 1, IsHumanControllingUs: 0, StartBugReporterOnCrash: 0, Is64bit: 1, IsPro: 0

 COMMAND LINE ARGUMENTS:
C:\Program Files\Unity\Hub\Editor\2020.3.17f1\Editor\Unity.exe
-adb2
-batchMode
-noUpm
-name
AssetImportWorker0
-projectPath
C:/Users/baik2/Desktop/AIE Year 2/URPProject/UniversalRenderProject
-logFile
Logs/AssetImportWorker0.log
-srvPort
61579
Successfully changed project path to: C:/Users/baik2/Desktop/AIE Year 2/URPProject/UniversalRenderProject
C:/Users/baik2/Desktop/AIE Year 2/URPProject/UniversalRenderProject
Using Asset Import Pipeline V2.
Refreshing native plugins compatible for Editor in 81.43 ms, found 0 plugins.
Preloading 0 native plugins for Editor in 0.00 ms.
Initialize engine version: 2020.3.5f1 (8095aa901b9b)
[Subsystems] Discovering subsystems at path C:/Program Files/Unity/Hub/Editor/2020.3.17f1/Editor/Data/Resources/UnitySubsystems
[Subsystems] Discovering subsystems at path C:/Users/baik2/Desktop/AIE Year 2/URPProject/UniversalRenderProject/Assets
GfxDevice: creating device client; threaded=0
Direct3D:
    Version:  Direct3D 11.0 [level 11.1]
    Renderer: NVIDIA GeForce RTX 2070 (ID=0x1f02)
    Vendor:   
    VRAM:     8031 MB
    Driver:   30.0.14.7196
Shader 'WFX/Transparent Specular': fallback shader 'Particles/Alpha Blended' not found
Shader 'Universal Render Pipeline/Particles/Lit': fallback shader 'Universal Render Pipeline/Particles/SimpleLit' not found
Shader 'WFX/Transparent Diffuse': fallback shader 'Particles/Alpha Blended' not found
Initialize mono
Mono path[0] = 'C:/Program Files/Unity/Hub/Editor/2020.3.17f1/Editor/Data/Managed'
Mono path[1] = 'C:/Program Files/Unity/Hub/Editor/2020.3.17f1/Editor/Data/MonoBleedingEdge/lib/mono/unityjit'
Mono config path = 'C:/Program Files/Unity/Hub/Editor/2020.3.17f1/Editor/Data/MonoBleedingEdge/etc'
Using monoOptions --debugger-agent=transport=dt_socket,embedding=1,server=y,suspend=n,address=127.0.0.1:56572
Begin MonoManager ReloadAssembly
Registering precompiled unity dll's ...
Register platform support module: C:/Program Files/Unity/Hub/Editor/2020.3.17f1/Editor/Data/PlaybackEngines/WindowsStandaloneSupport/UnityEditor.WindowsStandalone.Extensions.dll
Registered in 0.002579 seconds.
Native extension for WindowsStandalone target not found
Refreshing native plugins compatible for Editor in 96.18 ms, found 0 plugins.
Preloading 0 native plugins for Editor in 0.00 ms.
Mono: successfully reloaded assembly
- Completed reload, in  1.730 seconds
Platform modules already initialized, skipping
Registering precompiled user dll's ...
Registered in 0.002219 seconds.
Begin MonoManager ReloadAssembly
Native extension for WindowsStandalone target not found
Refreshing native plugins compatible for Editor in 67.95 ms, found 0 plugins.
Preloading 0 native plugins for Editor in 0.00 ms.
Mono: successfully reloaded assembly
- Completed reload, in  2.330 seconds
Platform modules already initialized, skipping
========================================================================
Worker process is ready to serve import requests
Shader 'WFX/Transparent Diffuse': fallback shader 'Particles/Alpha Blended' not found
Shader 'Universal Render Pipeline/Particles/Lit': fallback shader 'Universal Render Pipeline/Particles/SimpleLit' not found
Shader 'WFX/Transparent Specular': fallback shader 'Particles/Alpha Blended' not found
Launched and connected shader compiler UnityShaderCompiler.exe after 0.05 seconds
Refreshing native plugins compatible for Editor in 0.62 ms, found 0 plugins.
Preloading 0 native plugins for Editor in 0.00 ms.
Unloading 3141 Unused Serialized files (Serialized files now loaded: 0)
System memory in use before: 146.7 MB.
System memory in use after: 146.9 MB.

Unloading 14 unused Assets to reduce memory usage. Loaded Objects now: 3588.
Total: 3.513900 ms (FindLiveObjects: 0.391300 ms CreateObjectMapping: 0.287200 ms MarkObjects: 2.757600 ms  DeleteObjects: 0.076600 ms)

========================================================================
Received Import Request.
  path: Assets/Materials/New.mat
  artifactKey: Guid(0ab2c109156b2c447b7093d757c70ffe) Importer(815301076,1909f56bfc062723c751e8b465ee728b)
Start importing Assets/Materials/New.mat using Guid(0ab2c109156b2c447b7093d757c70ffe) Importer(815301076,1909f56bfc062723c751e8b465ee728b)  -> (artifact id: '5351fbfc6990689dc6b43ffc4de0800c') in 0.335192 seconds
  Import took 0.343147 seconds .

========================================================================
Received Import Request.
  Time since last request: 363.950087 seconds.
  path: Assets/Materials/PBR/Dot Matrix.shadergraph
  artifactKey: Guid(f415d0b3e0007684cb3f8ec0c289c206) Importer(815301076,1909f56bfc062723c751e8b465ee728b)
Start importing Assets/Materials/PBR/Dot Matrix.shadergraph using Guid(f415d0b3e0007684cb3f8ec0c289c206) Importer(815301076,1909f56bfc062723c751e8b465ee728b)  -> (artifact id: '12010d75559f0c5a681f1eaaec840b4c') in 0.005522 seconds
  Import took 0.011509 seconds .

========================================================================
Received Import Request.
  Time since last request: 0.512993 seconds.
  path: Assets/Materials/PBR/Dot Matrix.shadergraph
  artifactKey: Guid(f415d0b3e0007684cb3f8ec0c289c206) Importer(815301076,1909f56bfc062723c751e8b465ee728b)
Start importing Assets/Materials/PBR/Dot Matrix.shadergraph using Guid(f415d0b3e0007684cb3f8ec0c289c206) Importer(815301076,1909f56bfc062723c751e8b465ee728b)  -> (artifact id: '12010d75559f0c5a681f1eaaec840b4c') in 0.003375 seconds
  Import took 0.008575 seconds .

========================================================================
Received Import Request.
  Time since last request: 11.587865 seconds.
  path: Assets/Materials/PBR/Invisible.shadergraph
  artifactKey: Guid(5a42754a4d0b0134cb8245ebe09eb23c) Importer(815301076,1909f56bfc062723c751e8b465ee728b)
Start importing Assets/Materials/PBR/Invisible.shadergraph using Guid(5a42754a4d0b0134cb8245ebe09eb23c) Importer(815301076,1909f56bfc062723c751e8b465ee728b)  -> (artifact id: '1ccf3a352cc5a8357f26d76cfad110cd') in 0.001881 seconds
  Import took 0.007796 seconds .

========================================================================
Received Import Request.
  Time since last request: 0.306845 seconds.
  path: Assets/Materials/PBR/Invisible.shadergraph
  artifactKey: Guid(5a42754a4d0b0134cb8245ebe09eb23c) Importer(815301076,1909f56bfc062723c751e8b465ee728b)
Start importing Assets/Materials/PBR/Invisible.shadergraph using Guid(5a42754a4d0b0134cb8245ebe09eb23c) Importer(815301076,1909f56bfc062723c751e8b465ee728b)  -> (artifact id: '1ccf3a352cc5a8357f26d76cfad110cd') in 0.002477 seconds
  Import took 0.007480 seconds .

========================================================================
Received Import Request.
  Time since last request: 0.988048 seconds.
  path: Assets/Materials/PBR/Line.shadergraph
  artifactKey: Guid(37d64e612b84d59478a769aebbbae7fd) Importer(815301076,1909f56bfc062723c751e8b465ee728b)
Start importing Assets/Materials/PBR/Line.shadergraph using Guid(37d64e612b84d59478a769aebbbae7fd) Importer(815301076,1909f56bfc062723c751e8b465ee728b)  -> (artifact id: 'd387b6d9bd17928b43ee2ffe02535de8') in 0.001926 seconds
  Import took 0.007600 seconds .

========================================================================
Received Import Request.
  Time since last request: 0.000281 seconds.
  path: Assets/Materials/PBR/Line.shadergraph
  artifactKey: Guid(37d64e612b84d59478a769aebbbae7fd) Importer(815301076,1909f56bfc062723c751e8b465ee728b)
Start importing Assets/Materials/PBR/Line.shadergraph using Guid(37d64e612b84d59478a769aebbbae7fd) Importer(815301076,1909f56bfc062723c751e8b465ee728b)  -> (artifact id: 'd387b6d9bd17928b43ee2ffe02535de8') in 0.001873 seconds
  Import took 0.006233 seconds .

========================================================================
Received Import Request.
  Time since last request: 1.579532 seconds.
  path: Assets/Materials/PBR/RimLighting.shadergraph
  artifactKey: Guid(e82edd4731b82694294219a77ea201cf) Importer(815301076,1909f56bfc062723c751e8b465ee728b)
Start importing Assets/Materials/PBR/RimLighting.shadergraph using Guid(e82edd4731b82694294219a77ea201cf) Importer(815301076,1909f56bfc062723c751e8b465ee728b)  -> (artifact id: 'f4c3407db1052eea5a168a67bba9cd48') in 0.002150 seconds
  Import took 0.007348 seconds .

========================================================================
Received Import Request.
  Time since last request: 0.307874 seconds.
  path: Assets/Materials/PBR/RimLighting.shadergraph
  artifactKey: Guid(e82edd4731b82694294219a77ea201cf) Importer(815301076,1909f56bfc062723c751e8b465ee728b)
Start importing Assets/Materials/PBR/RimLighting.shadergraph using Guid(e82edd4731b82694294219a77ea201cf) Importer(815301076,1909f56bfc062723c751e8b465ee728b)  -> (artifact id: 'f4c3407db1052eea5a168a67bba9cd48') in 0.002591 seconds
  Import took 0.007321 seconds .

========================================================================
Received Import Request.
  Time since last request: 626.667469 seconds.
  path: Assets/Materials/PBR/Dissolve.shadergraph
  artifactKey: Guid(a8f03d3e3e773a24e88baf1c0bef6eaf) Importer(815301076,1909f56bfc062723c751e8b465ee728b)
Start importing Assets/Materials/PBR/Dissolve.shadergraph using Guid(a8f03d3e3e773a24e88baf1c0bef6eaf) Importer(815301076,1909f56bfc062723c751e8b465ee728b)  -> (artifact id: 'd9bc95f716319126fac699939327cf9d') in 0.003851 seconds
  Import took 0.010367 seconds .

========================================================================
Received Import Request.
  Time since last request: 0.534841 seconds.
  path: Assets/Materials/PBR/Dissolve.shadergraph
  artifactKey: Guid(a8f03d3e3e773a24e88baf1c0bef6eaf) Importer(815301076,1909f56bfc062723c751e8b465ee728b)
Start importing Assets/Materials/PBR/Dissolve.shadergraph using Guid(a8f03d3e3e773a24e88baf1c0bef6eaf) Importer(815301076,1909f56bfc062723c751e8b465ee728b)  -> (artifact id: 'd9bc95f716319126fac699939327cf9d') in 0.003221 seconds
  Import took 0.008123 seconds .

========================================================================
Received Import Request.
  Time since last request: 193.728600 seconds.
  path: Assets/Materials/PBR/Dot Matrix.shadergraph
  artifactKey: Guid(f415d0b3e0007684cb3f8ec0c289c206) Importer(815301076,1909f56bfc062723c751e8b465ee728b)
Start importing Assets/Materials/PBR/Dot Matrix.shadergraph using Guid(f415d0b3e0007684cb3f8ec0c289c206) Importer(815301076,1909f56bfc062723c751e8b465ee728b)  -> (artifact id: '97db17a991e7a3708a8a649be1b39986') in 0.003307 seconds
  Import took 0.009510 seconds .

========================================================================
Received Import Request.
  Time since last request: 2.384036 seconds.
  path: Assets/Materials/PBR/Dissolve.shadergraph
  artifactKey: Guid(a8f03d3e3e773a24e88baf1c0bef6eaf) Importer(815301076,1909f56bfc062723c751e8b465ee728b)
Start importing Assets/Materials/PBR/Dissolve.shadergraph using Guid(a8f03d3e3e773a24e88baf1c0bef6eaf) Importer(815301076,1909f56bfc062723c751e8b465ee728b)  -> (artifact id: '37cf208c39d64e93b98035197561e337') in 0.003377 seconds
  Import took 0.009429 seconds .

========================================================================
Received Import Request.
  Time since last request: 0.544783 seconds.
  path: Assets/Materials/PBR/Dissolve.shadergraph
  artifactKey: Guid(a8f03d3e3e773a24e88baf1c0bef6eaf) Importer(815301076,1909f56bfc062723c751e8b465ee728b)
Start importing Assets/Materials/PBR/Dissolve.shadergraph using Guid(a8f03d3e3e773a24e88baf1c0bef6eaf) Importer(815301076,1909f56bfc062723c751e8b465ee728b)  -> (artifact id: '37cf208c39d64e93b98035197561e337') in 0.003345 seconds
  Import took 0.008743 seconds .

========================================================================
Received Import Request.
  Time since last request: 149.899636 seconds.
  path: Assets/Materials/Dot.mat
  artifactKey: Guid(0ab2c109156b2c447b7093d757c70ffe) Importer(815301076,1909f56bfc062723c751e8b465ee728b)
Start importing Assets/Materials/Dot.mat using Guid(0ab2c109156b2c447b7093d757c70ffe) Importer(815301076,1909f56bfc062723c751e8b465ee728b)  -> (artifact id: 'bfc5244aa06f5c01717afb3aeaed5a7d') in 0.031010 seconds
  Import took 0.037828 seconds .

========================================================================
Received Import Request.
  Time since last request: 0.000255 seconds.
  path: Assets/Materials/Line.mat
  artifactKey: Guid(8300d9535ce79f94da4c55da66ac6b5d) Importer(815301076,1909f56bfc062723c751e8b465ee728b)
Start importing Assets/Materials/Line.mat using Guid(8300d9535ce79f94da4c55da66ac6b5d) Importer(815301076,1909f56bfc062723c751e8b465ee728b)  -> (artifact id: 'c10b52a4e45c9bf2a3016f5e6100d6f6') in 0.009115 seconds
  Import took 0.014448 seconds .

========================================================================
Received Import Request.
  Time since last request: 23.093512 seconds.
  path: Assets/M16 A1/Textures/Base mesh_Mat_Rifle_Caliber_5_56_1_AO.tga
  artifactKey: Guid(0cde160b5111140499bc26eacded7df7) Importer(815301076,1909f56bfc062723c751e8b465ee728b)
Start importing Assets/M16 A1/Textures/Base mesh_Mat_Rifle_Caliber_5_56_1_AO.tga using Guid(0cde160b5111140499bc26eacded7df7) Importer(815301076,1909f56bfc062723c751e8b465ee728b)  -> (artifact id: '02f3fa364341b8be60579e4f8a145b81') in 0.045016 seconds
  Import took 0.050438 seconds .

========================================================================
Received Import Request.
  Time since last request: 0.000253 seconds.
  path: Assets/M16 A1/Textures/Base mesh_Mat_Rifle_Caliber_5_56_Normal_Unit.tga
  artifactKey: Guid(910ee69fad625cb4abd7250a31c3eff1) Importer(815301076,1909f56bfc062723c751e8b465ee728b)
Start importing Assets/M16 A1/Textures/Base mesh_Mat_Rifle_Caliber_5_56_Normal_Unit.tga using Guid(910ee69fad625cb4abd7250a31c3eff1) Importer(815301076,1909f56bfc062723c751e8b465ee728b)  -> (artifact id: '0b8cd50788232bb07b742ca1529c4b98') in 0.041511 seconds
  Import took 0.047125 seconds .

========================================================================
Received Import Request.
  Time since last request: 0.000243 seconds.
  path: Assets/M16 A1/Textures/Base mesh_Mat_Rifle_Caliber_5_56_1_BaseColor.tga
  artifactKey: Guid(be6107f3b237f53468310e353b30fc46) Importer(815301076,1909f56bfc062723c751e8b465ee728b)
Start importing Assets/M16 A1/Textures/Base mesh_Mat_Rifle_Caliber_5_56_1_BaseColor.tga using Guid(be6107f3b237f53468310e353b30fc46) Importer(815301076,1909f56bfc062723c751e8b465ee728b)  -> (artifact id: '37dda9613e000dc99640b8986f8ef5e5') in 0.012453 seconds
  Import took 0.017252 seconds .

========================================================================
Received Import Request.
  Time since last request: 0.000198 seconds.
  path: Assets/M16 A1/Textures/Base mesh_Mat_Rifle_Caliber_5_56_BaseColor.tga
  artifactKey: Guid(dbc463c0db259944586d99c2cf8220a0) Importer(815301076,1909f56bfc062723c751e8b465ee728b)
Start importing Assets/M16 A1/Textures/Base mesh_Mat_Rifle_Caliber_5_56_BaseColor.tga using Guid(dbc463c0db259944586d99c2cf8220a0) Importer(815301076,1909f56bfc062723c751e8b465ee728b)  -> (artifact id: '038f3acfdb2f5f98b7bf9e0edb1e7eb3') in 0.021260 seconds
  Import took 0.027010 seconds .

========================================================================
Received Import Request.
  Time since last request: 0.000283 seconds.
  path: Assets/M16 A1/Textures/Base mesh_Mat_Rifle_Caliber_5_56_Metallic.tga
  artifactKey: Guid(3f39b8166e41a764982f53dd6a26a62e) Importer(815301076,1909f56bfc062723c751e8b465ee728b)
Start importing Assets/M16 A1/Textures/Base mesh_Mat_Rifle_Caliber_5_56_Metallic.tga using Guid(3f39b8166e41a764982f53dd6a26a62e) Importer(815301076,1909f56bfc062723c751e8b465ee728b)  -> (artifact id: '3e3cfb034483dfef234d89259ffedbe9') in 0.021845 seconds
  Import took 0.027655 seconds .

========================================================================
Received Import Request.
  Time since last request: 0.000264 seconds.
  path: Assets/M16 A1/Textures/Base mesh_Mat_Rifle_Caliber_5_56_1_Metallic.tga
  artifactKey: Guid(4e22f742ebef849469bbcfb5b0e57c3e) Importer(815301076,1909f56bfc062723c751e8b465ee728b)
Start importing Assets/M16 A1/Textures/Base mesh_Mat_Rifle_Caliber_5_56_1_Metallic.tga using Guid(4e22f742ebef849469bbcfb5b0e57c3e) Importer(815301076,1909f56bfc062723c751e8b465ee728b)  -> (artifact id: '10928e4a6ec8d06dfbb882dc4d033084') in 0.014126 seconds
  Import took 0.019358 seconds .

========================================================================
Received Import Request.
  Time since last request: 0.000252 seconds.
  path: Assets/M16 A1/Textures/Base mesh_Mat_Rifle_Caliber_5_56_1_Normal_unit.tga
  artifactKey: Guid(48c1bc6a1acce964889fccb303999954) Importer(815301076,1909f56bfc062723c751e8b465ee728b)
Start importing Assets/M16 A1/Textures/Base mesh_Mat_Rifle_Caliber_5_56_1_Normal_unit.tga using Guid(48c1bc6a1acce964889fccb303999954) Importer(815301076,1909f56bfc062723c751e8b465ee728b)  -> (artifact id: '16670938f1a58863978d48953f00cb50') in 0.030887 seconds
  Import took 0.037358 seconds .

========================================================================
Received Import Request.
  Time since last request: 0.000259 seconds.
  path: Assets/M16 A1/Textures/Base mesh_Mat_Rifle_Caliber_5_56_AO.tga
  artifactKey: Guid(11305866d8a589049bcb46e8cf56cf2c) Importer(815301076,1909f56bfc062723c751e8b465ee728b)
Start importing Assets/M16 A1/Textures/Base mesh_Mat_Rifle_Caliber_5_56_AO.tga using Guid(11305866d8a589049bcb46e8cf56cf2c) Importer(815301076,1909f56bfc062723c751e8b465ee728b)  -> (artifact id: '46f0d33cef6d3c1319c08ce779232cf7') in 0.015895 seconds
  Import took 0.020672 seconds .

========================================================================
Received Import Request.
  Time since last request: 2.530254 seconds.
  path: Assets/Clean Vector Icons/Update/bonus_01.png
  artifactKey: Guid(a5b6ecdbc26aa9f47b973c7481d1268a) Importer(815301076,1909f56bfc062723c751e8b465ee728b)
Start importing Assets/Clean Vector Icons/Update/bonus_01.png using Guid(a5b6ecdbc26aa9f47b973c7481d1268a) Importer(815301076,1909f56bfc062723c751e8b465ee728b)  -> (artifact id: '735e9039bd50deb0c22fd5a2e66caa2f') in 0.027351 seconds
  Import took 0.033070 seconds .

========================================================================
Received Import Request.
  Time since last request: 0.000301 seconds.
  path: Assets/Clean Vector Icons/Update/bonus_02.png
  artifactKey: Guid(7c164a8ab621d5b4cbfdafbb24034032) Importer(815301076,1909f56bfc062723c751e8b465ee728b)
Start importing Assets/Clean Vector Icons/Update/bonus_02.png using Guid(7c164a8ab621d5b4cbfdafbb24034032) Importer(815301076,1909f56bfc062723c751e8b465ee728b)  -> (artifact id: '513f147cb2b3364109923273940718b5') in 0.015412 seconds
  Import took 0.021449 seconds .

========================================================================
Received Import Request.
  Time since last request: 0.000283 seconds.
  path: Assets/Clean Vector Icons/Update/bonus_01.png
  artifactKey: Guid(a5b6ecdbc26aa9f47b973c7481d1268a) Importer(815301076,1909f56bfc062723c751e8b465ee728b)
Start importing Assets/Clean Vector Icons/Update/bonus_01.png using Guid(a5b6ecdbc26aa9f47b973c7481d1268a) Importer(815301076,1909f56bfc062723c751e8b465ee728b)  -> (artifact id: '735e9039bd50deb0c22fd5a2e66caa2f') in 0.020449 seconds
  Import took 0.025685 seconds .

========================================================================
Received Import Request.
  Time since last request: 0.000339 seconds.
  path: Assets/Clean Vector Icons/Update/bonus_03.png
  artifactKey: Guid(8313108d2f2f39c49a04679f5f2da2a5) Importer(815301076,1909f56bfc062723c751e8b465ee728b)
Start importing Assets/Clean Vector Icons/Update/bonus_03.png using Guid(8313108d2f2f39c49a04679f5f2da2a5) Importer(815301076,1909f56bfc062723c751e8b465ee728b)  -> (artifact id: 'e64f797fb4d19f4a8c32ac8bf93f31c7') in 0.019904 seconds
  Import took 0.025406 seconds .

========================================================================
Received Import Request.
  Time since last request: 0.000263 seconds.
  path: Assets/Clean Vector Icons/Update/bonus_02.png
  artifactKey: Guid(7c164a8ab621d5b4cbfdafbb24034032) Importer(815301076,1909f56bfc062723c751e8b465ee728b)
Start importing Assets/Clean Vector Icons/Update/bonus_02.png using Guid(7c164a8ab621d5b4cbfdafbb24034032) Importer(815301076,1909f56bfc062723c751e8b465ee728b)  -> (artifact id: '513f147cb2b3364109923273940718b5') in 0.012684 seconds
  Import took 0.017438 seconds .

========================================================================
Received Import Request.
  Time since last request: 0.000218 seconds.
  path: Assets/Clean Vector Icons/Update/bonus_03.png
  artifactKey: Guid(8313108d2f2f39c49a04679f5f2da2a5) Importer(815301076,1909f56bfc062723c751e8b465ee728b)
Start importing Assets/Clean Vector Icons/Update/bonus_03.png using Guid(8313108d2f2f39c49a04679f5f2da2a5) Importer(815301076,1909f56bfc062723c751e8b465ee728b)  -> (artifact id: 'e64f797fb4d19f4a8c32ac8bf93f31c7') in 0.019697 seconds
  Import took 0.024815 seconds .

========================================================================
Received Import Request.
  Time since last request: 0.000283 seconds.
  path: Assets/Clean Vector Icons/Update/bonus_05.png
  artifactKey: Guid(19e5ba7d75c4f2e4e8d2151606339bf3) Importer(815301076,1909f56bfc062723c751e8b465ee728b)
Start importing Assets/Clean Vector Icons/Update/bonus_05.png using Guid(19e5ba7d75c4f2e4e8d2151606339bf3) Importer(815301076,1909f56bfc062723c751e8b465ee728b)  -> (artifact id: '713520d37b00c2e65576591f9db581d9') in 0.013859 seconds
  Import took 0.019192 seconds .

========================================================================
Received Import Request.
  Time since last request: 0.000284 seconds.
  path: Assets/Clean Vector Icons/Update/bonus_06.png
  artifactKey: Guid(0f3ba1ed6373fec4bbd0490fb756f318) Importer(815301076,1909f56bfc062723c751e8b465ee728b)
Start importing Assets/Clean Vector Icons/Update/bonus_06.png using Guid(0f3ba1ed6373fec4bbd0490fb756f318) Importer(815301076,1909f56bfc062723c751e8b465ee728b)  -> (artifact id: '3aa62f0fff194386b579279d0d2109f8') in 0.016174 seconds
  Import took 0.021923 seconds .

========================================================================
Received Import Request.
  Time since last request: 0.000234 seconds.
  path: Assets/Clean Vector Icons/Update/bonus_04.png
  artifactKey: Guid(ef147e2665db3394ab8f3c2ade98cbf5) Importer(815301076,1909f56bfc062723c751e8b465ee728b)
Start importing Assets/Clean Vector Icons/Update/bonus_04.png using Guid(ef147e2665db3394ab8f3c2ade98cbf5) Importer(815301076,1909f56bfc062723c751e8b465ee728b)  -> (artifact id: 'f4989e41b8988331c6607cba54d9afe2') in 0.011861 seconds
  Import took 0.016378 seconds .

========================================================================
Received Import Request.
  Time since last request: 0.019866 seconds.
  path: Assets/Clean Vector Icons/Update/bonus_06.png
  artifactKey: Guid(0f3ba1ed6373fec4bbd0490fb756f318) Importer(815301076,1909f56bfc062723c751e8b465ee728b)
Start importing Assets/Clean Vector Icons/Update/bonus_06.png using Guid(0f3ba1ed6373fec4bbd0490fb756f318) Importer(815301076,1909f56bfc062723c751e8b465ee728b)  -> (artifact id: '3aa62f0fff194386b579279d0d2109f8') in 0.010444 seconds
  Import took 0.015233 seconds .

========================================================================
Received Import Request.
  Time since last request: 18.017168 seconds.
  path: Assets/Materials/Dot.mat
  artifactKey: Guid(0ab2c109156b2c447b7093d757c70ffe) Importer(815301076,1909f56bfc062723c751e8b465ee728b)
Start importing Assets/Materials/Dot.mat using Guid(0ab2c109156b2c447b7093d757c70ffe) Importer(815301076,1909f56bfc062723c751e8b465ee728b)  -> (artifact id: '2b1fc71d158693d0233113a39ec83907') in 0.010520 seconds
  Import took 0.016305 seconds .

========================================================================
Received Prepare
Registering precompiled user dll's ...
Registered in 0.002355 seconds.
Begin MonoManager ReloadAssembly
Native extension for WindowsStandalone target not found
Refreshing native plugins compatible for Editor in 1.58 ms, found 0 plugins.
Preloading 0 native plugins for Editor in 0.00 ms.
Mono: successfully reloaded assembly
- Completed reload, in  1.360 seconds
Platform modules already initialized, skipping
Shader 'WFX/Transparent Diffuse': fallback shader 'Particles/Alpha Blended' not found
Shader 'Universal Render Pipeline/Particles/Lit': fallback shader 'Universal Render Pipeline/Particles/SimpleLit' not found
Shader 'WFX/Transparent Specular': fallback shader 'Particles/Alpha Blended' not found
Refreshing native plugins compatible for Editor in 0.59 ms, found 0 plugins.
Preloading 0 native plugins for Editor in 0.00 ms.
Unloading 3002 Unused Serialized files (Serialized files now loaded: 0)
System memory in use before: 143.1 MB.
System memory in use after: 143.3 MB.

Unloading 7 unused Assets to reduce memory usage. Loaded Objects now: 3674.
Total: 4.905300 ms (FindLiveObjects: 0.477600 ms CreateObjectMapping: 0.209900 ms MarkObjects: 4.197000 ms  DeleteObjects: 0.019500 ms)

========================================================================
Received Import Request.
  Time since last request: 313.129250 seconds.
  path: Assets/Animation/Script/InputManagerTPS.cs
  artifactKey: Guid(b5e394b73c0b9e44b9837df84346c2ed) Importer(815301076,1909f56bfc062723c751e8b465ee728b)
Start importing Assets/Animation/Script/InputManagerTPS.cs using Guid(b5e394b73c0b9e44b9837df84346c2ed) Importer(815301076,1909f56bfc062723c751e8b465ee728b)  -> (artifact id: '01c52c92639bcc0207626364b388f008') in 0.011147 seconds
  Import took 0.016588 seconds .

========================================================================
Received Import Request.
  Time since last request: 3.413783 seconds.
  path: Assets/Animation/Script/PlayerController.cs
  artifactKey: Guid(677a651ee84b90d46a83fdae000224ca) Importer(815301076,1909f56bfc062723c751e8b465ee728b)
Start importing Assets/Animation/Script/PlayerController.cs using Guid(677a651ee84b90d46a83fdae000224ca) Importer(815301076,1909f56bfc062723c751e8b465ee728b)  -> (artifact id: '55c1deb83343ee846f05a6d949b34e81') in 0.002851 seconds
  Import took 0.008980 seconds .

========================================================================
Received Import Request.
  Time since last request: 14.693319 seconds.
  path: Assets/Animation/Script/PlayerControlsTPS.cs
  artifactKey: Guid(21ecc2d09025d0643882f8e6aa445ddf) Importer(815301076,1909f56bfc062723c751e8b465ee728b)
Start importing Assets/Animation/Script/PlayerControlsTPS.cs using Guid(21ecc2d09025d0643882f8e6aa445ddf) Importer(815301076,1909f56bfc062723c751e8b465ee728b)  -> (artifact id: '34d25d7d5029fa18e5ae4f2a6eb1bbf5') in 0.004752 seconds
  Import took 0.010798 seconds .

========================================================================
Received Import Request.
  Time since last request: 0.002788 seconds.
  path: Assets/Animation/Script/PlayerControlsTPS.cs
  artifactKey: Guid(21ecc2d09025d0643882f8e6aa445ddf) Importer(815301076,1909f56bfc062723c751e8b465ee728b)
Start importing Assets/Animation/Script/PlayerControlsTPS.cs using Guid(21ecc2d09025d0643882f8e6aa445ddf) Importer(815301076,1909f56bfc062723c751e8b465ee728b)  -> (artifact id: '34d25d7d5029fa18e5ae4f2a6eb1bbf5') in 0.004087 seconds
  Import took 0.009376 seconds .

========================================================================
Received Prepare
Registering precompiled user dll's ...
Registered in 0.001802 seconds.
Begin MonoManager ReloadAssembly
Native extension for WindowsStandalone target not found
Refreshing native plugins compatible for Editor in 0.55 ms, found 0 plugins.
Preloading 0 native plugins for Editor in 0.00 ms.
Mono: successfully reloaded assembly
- Completed reload, in  1.193 seconds
Platform modules already initialized, skipping
Shader 'WFX/Transparent Diffuse': fallback shader 'Particles/Alpha Blended' not found
Shader 'Universal Render Pipeline/Particles/Lit': fallback shader 'Universal Render Pipeline/Particles/SimpleLit' not found
Shader 'WFX/Transparent Specular': fallback shader 'Particles/Alpha Blended' not found
Refreshing native plugins compatible for Editor in 0.54 ms, found 0 plugins.
Preloading 0 native plugins for Editor in 0.00 ms.
Unloading 3001 Unused Serialized files (Serialized files now loaded: 0)
System memory in use before: 142.9 MB.
System memory in use after: 143.1 MB.

Unloading 7 unused Assets to reduce memory usage. Loaded Objects now: 3677.
Total: 2.449500 ms (FindLiveObjects: 0.268000 ms CreateObjectMapping: 0.152900 ms MarkObjects: 2.011600 ms  DeleteObjects: 0.015300 ms)

========================================================================
Received Import Request.
  Time since last request: 22.197365 seconds.
  path: Assets/Animation/Script/PlayerControlsTPS.cs
  artifactKey: Guid(21ecc2d09025d0643882f8e6aa445ddf) Importer(815301076,1909f56bfc062723c751e8b465ee728b)
Start importing Assets/Animation/Script/PlayerControlsTPS.cs using Guid(21ecc2d09025d0643882f8e6aa445ddf) Importer(815301076,1909f56bfc062723c751e8b465ee728b)  -> (artifact id: '7aba3e94f7ea031da82dd4aef289d102') in 0.005249 seconds
  Import took 0.010847 seconds .

========================================================================
Received Prepare
Registering precompiled user dll's ...
Registered in 0.001964 seconds.
Begin MonoManager ReloadAssembly
Native extension for WindowsStandalone target not found
Refreshing native plugins compatible for Editor in 0.59 ms, found 0 plugins.
Preloading 0 native plugins for Editor in 0.00 ms.
Mono: successfully reloaded assembly
- Completed reload, in  1.509 seconds
Platform modules already initialized, skipping
Shader 'WFX/Transparent Diffuse': fallback shader 'Particles/Alpha Blended' not found
Shader 'Universal Render Pipeline/Particles/Lit': fallback shader 'Universal Render Pipeline/Particles/SimpleLit' not found
Shader 'WFX/Transparent Specular': fallback shader 'Particles/Alpha Blended' not found
Refreshing native plugins compatible for Editor in 0.69 ms, found 0 plugins.
Preloading 0 native plugins for Editor in 0.00 ms.
Unloading 3001 Unused Serialized files (Serialized files now loaded: 0)
System memory in use before: 142.9 MB.
System memory in use after: 143.1 MB.

Unloading 7 unused Assets to reduce memory usage. Loaded Objects now: 3680.
Total: 3.415900 ms (FindLiveObjects: 0.329900 ms CreateObjectMapping: 0.292900 ms MarkObjects: 2.772700 ms  DeleteObjects: 0.018700 ms)

========================================================================
Received Prepare
Registering precompiled user dll's ...
Registered in 0.001880 seconds.
Begin MonoManager ReloadAssembly
Native extension for WindowsStandalone target not found
Refreshing native plugins compatible for Editor in 0.53 ms, found 0 plugins.
Preloading 0 native plugins for Editor in 0.00 ms.
Mono: successfully reloaded assembly
- Completed reload, in  1.194 seconds
Platform modules already initialized, skipping
Shader 'WFX/Transparent Diffuse': fallback shader 'Particles/Alpha Blended' not found
Shader 'Universal Render Pipeline/Particles/Lit': fallback shader 'Universal Render Pipeline/Particles/SimpleLit' not found
Shader 'WFX/Transparent Specular': fallback shader 'Particles/Alpha Blended' not found
Refreshing native plugins compatible for Editor in 0.56 ms, found 0 plugins.
Preloading 0 native plugins for Editor in 0.00 ms.
Unloading 3001 Unused Serialized files (Serialized files now loaded: 0)
System memory in use before: 142.9 MB.
System memory in use after: 143.2 MB.

Unloading 7 unused Assets to reduce memory usage. Loaded Objects now: 3683.
Total: 3.058900 ms (FindLiveObjects: 0.314200 ms CreateObjectMapping: 0.148600 ms MarkObjects: 2.563200 ms  DeleteObjects: 0.031600 ms)

========================================================================
Received Prepare
Registering precompiled user dll's ...
Registered in 0.001951 seconds.
Begin MonoManager ReloadAssembly
Native extension for WindowsStandalone target not found
Refreshing native plugins compatible for Editor in 0.64 ms, found 0 plugins.
Preloading 0 native plugins for Editor in 0.00 ms.
Mono: successfully reloaded assembly
- Completed reload, in  1.403 seconds
Platform modules already initialized, skipping
Shader 'WFX/Transparent Diffuse': fallback shader 'Particles/Alpha Blended' not found
Shader 'Universal Render Pipeline/Particles/Lit': fallback shader 'Universal Render Pipeline/Particles/SimpleLit' not found
Shader 'WFX/Transparent Specular': fallback shader 'Particles/Alpha Blended' not found
Refreshing native plugins compatible for Editor in 0.70 ms, found 0 plugins.
Preloading 0 native plugins for Editor in 0.00 ms.
Unloading 3001 Unused Serialized files (Serialized files now loaded: 0)
System memory in use before: 142.9 MB.
System memory in use after: 143.2 MB.

Unloading 7 unused Assets to reduce memory usage. Loaded Objects now: 3686.
Total: 3.652600 ms (FindLiveObjects: 0.329500 ms CreateObjectMapping: 0.194900 ms MarkObjects: 3.106600 ms  DeleteObjects: 0.020400 ms)

========================================================================
Received Prepare
Registering precompiled user dll's ...
Registered in 0.002355 seconds.
Begin MonoManager ReloadAssembly
Native extension for WindowsStandalone target not found
Refreshing native plugins compatible for Editor in 0.63 ms, found 0 plugins.
Preloading 0 native plugins for Editor in 0.00 ms.
Mono: successfully reloaded assembly
- Completed reload, in  1.254 seconds
Platform modules already initialized, skipping
Shader 'WFX/Transparent Diffuse': fallback shader 'Particles/Alpha Blended' not found
Shader 'Universal Render Pipeline/Particles/Lit': fallback shader 'Universal Render Pipeline/Particles/SimpleLit' not found
Shader 'WFX/Transparent Specular': fallback shader 'Particles/Alpha Blended' not found
Refreshing native plugins compatible for Editor in 1.91 ms, found 0 plugins.
Preloading 0 native plugins for Editor in 0.00 ms.
Unloading 3001 Unused Serialized files (Serialized files now loaded: 0)
System memory in use before: 142.9 MB.
System memory in use after: 143.2 MB.

Unloading 7 unused Assets to reduce memory usage. Loaded Objects now: 3689.
Total: 4.463600 ms (FindLiveObjects: 0.349200 ms CreateObjectMapping: 0.673600 ms MarkObjects: 3.406500 ms  DeleteObjects: 0.032800 ms)

========================================================================
Received Prepare
Registering precompiled user dll's ...
Registered in 0.001875 seconds.
Begin MonoManager ReloadAssembly
Native extension for WindowsStandalone target not found
Refreshing native plugins compatible for Editor in 0.91 ms, found 0 plugins.
Preloading 0 native plugins for Editor in 0.00 ms.
Mono: successfully reloaded assembly
- Completed reload, in  1.266 seconds
Platform modules already initialized, skipping
Shader 'WFX/Transparent Diffuse': fallback shader 'Particles/Alpha Blended' not found
Shader 'Universal Render Pipeline/Particles/Lit': fallback shader 'Universal Render Pipeline/Particles/SimpleLit' not found
Shader 'WFX/Transparent Specular': fallback shader 'Particles/Alpha Blended' not found
Refreshing native plugins compatible for Editor in 0.55 ms, found 0 plugins.
Preloading 0 native plugins for Editor in 0.00 ms.
Unloading 3001 Unused Serialized files (Serialized files now loaded: 0)
System memory in use before: 143.0 MB.
System memory in use after: 143.2 MB.

Unloading 7 unused Assets to reduce memory usage. Loaded Objects now: 3692.
Total: 3.042300 ms (FindLiveObjects: 0.286900 ms CreateObjectMapping: 0.147800 ms MarkObjects: 2.560600 ms  DeleteObjects: 0.045900 ms)

========================================================================
Received Prepare
Registering precompiled user dll's ...
Registered in 0.002050 seconds.
Begin MonoManager ReloadAssembly
Native extension for WindowsStandalone target not found
Refreshing native plugins compatible for Editor in 0.55 ms, found 0 plugins.
Preloading 0 native plugins for Editor in 0.00 ms.
Mono: successfully reloaded assembly
- Completed reload, in  1.245 seconds
Platform modules already initialized, skipping
Shader 'WFX/Transparent Diffuse': fallback shader 'Particles/Alpha Blended' not found
Shader 'Universal Render Pipeline/Particles/Lit': fallback shader 'Universal Render Pipeline/Particles/SimpleLit' not found
Shader 'WFX/Transparent Specular': fallback shader 'Particles/Alpha Blended' not found
Refreshing native plugins compatible for Editor in 0.57 ms, found 0 plugins.
Preloading 0 native plugins for Editor in 0.00 ms.
Unloading 3001 Unused Serialized files (Serialized files now loaded: 0)
System memory in use before: 143.0 MB.
System memory in use after: 143.2 MB.

Unloading 7 unused Assets to reduce memory usage. Loaded Objects now: 3695.
Total: 3.064300 ms (FindLiveObjects: 0.335300 ms CreateObjectMapping: 0.157200 ms MarkObjects: 2.554500 ms  DeleteObjects: 0.015700 ms)

========================================================================
Received Prepare
Registering precompiled user dll's ...
Registered in 0.001976 seconds.
Begin MonoManager ReloadAssembly
Native extension for WindowsStandalone target not found
Refreshing native plugins compatible for Editor in 0.56 ms, found 0 plugins.
Preloading 0 native plugins for Editor in 0.00 ms.
Mono: successfully reloaded assembly
- Completed reload, in  1.291 seconds
Platform modules already initialized, skipping
Shader 'WFX/Transparent Diffuse': fallback shader 'Particles/Alpha Blended' not found
Shader 'Universal Render Pipeline/Particles/Lit': fallback shader 'Universal Render Pipeline/Particles/SimpleLit' not found
Shader 'WFX/Transparent Specular': fallback shader 'Particles/Alpha Blended' not found
Refreshing native plugins compatible for Editor in 0.61 ms, found 0 plugins.
Preloading 0 native plugins for Editor in 0.00 ms.
Unloading 3001 Unused Serialized files (Serialized files now loaded: 0)
System memory in use before: 143.0 MB.
System memory in use after: 143.2 MB.

Unloading 7 unused Assets to reduce memory usage. Loaded Objects now: 3698.
Total: 3.814200 ms (FindLiveObjects: 0.443900 ms CreateObjectMapping: 0.183300 ms MarkObjects: 3.151500 ms  DeleteObjects: 0.033900 ms)

